info: Microsoft.AspNetCore.DataProtection.KeyManagement.XmlKeyManager[0]
      User profile not available. Using 'HKEY_LOCAL_MACHINE\SOFTWARE\Microsoft\ASP.NET\4.0.30319.0\AutoGenKeys\S-1-5-82-3006700770-424185619-1745488364-794895919-4004696415\DataProtection' as key repository and Windows DPAPI to encrypt keys at rest.
Hosting environment: Production
Content root path: D:\Projects\????
Now listening on: http://127.0.0.1:38512
Application started. Press Ctrl+C to shut down.
info: Microsoft.AspNetCore.Hosting.Internal.WebHost[1]
      Request starting HTTP/1.1 DEBUG http://localhost/  0
info: Microsoft.AspNetCore.Hosting.Internal.WebHost[1]
      Request starting HTTP/1.1 GET http://localhost/  
warn: Microsoft.AspNetCore.HttpsPolicy.HttpsRedirectionMiddleware[3]
      Failed to determine the https port for redirect.
info: Microsoft.AspNetCore.Hosting.Internal.WebHost[2]
      Request finished in 116.9984ms 200 
info: Microsoft.AspNetCore.Mvc.Internal.ControllerActionInvoker[3]
      Route matched with {action = "Index", controller = "Home"}. Executing controller action with signature Microsoft.AspNetCore.Mvc.IActionResult Index() on controller SignalR_Vuejs__Demo.Controllers.HomeController (SignalR_Vuejs__Demo).
info: Microsoft.AspNetCore.Mvc.Internal.ControllerActionInvoker[1]
      Executing action method SignalR_Vuejs__Demo.Controllers.HomeController.Index (SignalR_Vuejs__Demo) - Validation state: Valid
info: Microsoft.AspNetCore.Mvc.Internal.ControllerActionInvoker[2]
      Executed action method SignalR_Vuejs__Demo.Controllers.HomeController.Index (SignalR_Vuejs__Demo), returned result Microsoft.AspNetCore.Mvc.ViewResult in 2.0592ms.
info: Microsoft.AspNetCore.Mvc.ViewFeatures.ViewResultExecutor[1]
      Executing ViewResult, running view Index.
info: Microsoft.AspNetCore.Mvc.ViewFeatures.ViewResultExecutor[4]
      Executed ViewResult - view Index executed in 145.7683ms.
info: Microsoft.AspNetCore.Mvc.Internal.ControllerActionInvoker[2]
      Executed action SignalR_Vuejs__Demo.Controllers.HomeController.Index (SignalR_Vuejs__Demo) in 179.1996ms
info: Microsoft.AspNetCore.Hosting.Internal.WebHost[2]
      Request finished in 616.3808ms 200 text/html; charset=utf-8
info: Microsoft.AspNetCore.Hosting.Internal.WebHost[1]
      Request starting HTTP/1.1 GET http://localhost/signalr.js  
info: Microsoft.AspNetCore.Hosting.Internal.WebHost[1]
      Request starting HTTP/1.1 GET http://localhost/Scripts/lodash.min.js  
info: Microsoft.AspNetCore.Hosting.Internal.WebHost[1]
      Request starting HTTP/1.1 GET http://localhost/img/Group 6.svg  
info: Microsoft.AspNetCore.Hosting.Internal.WebHost[1]
      Request starting HTTP/1.1 GET http://localhost/img/Vector-1.svg  
info: Microsoft.AspNetCore.Hosting.Internal.WebHost[1]
      Request starting HTTP/1.1 GET http://localhost/Styles/StyleSheet.min.css  
info: Microsoft.AspNetCore.StaticFiles.StaticFileMiddleware[2]
      Sending file. Request path: '/img/Group 6.svg'. Physical path: 'D:\Projects\????\wwwroot\img\Group 6.svg'
info: Microsoft.AspNetCore.Hosting.Internal.WebHost[2]
      Request finished in 43.8227ms 200 image/svg+xml
info: Microsoft.AspNetCore.Hosting.Internal.WebHost[1]
      Request starting HTTP/1.1 GET http://localhost/Scripts/axios.min.js  
info: Microsoft.AspNetCore.StaticFiles.StaticFileMiddleware[2]
      Sending file. Request path: '/img/Vector-1.svg'. Physical path: 'D:\Projects\????\wwwroot\img\Vector-1.svg'
info: Microsoft.AspNetCore.StaticFiles.StaticFileMiddleware[2]
      Sending file. Request path: '/Styles/StyleSheet.min.css'. Physical path: 'D:\Projects\????\wwwroot\Styles\StyleSheet.min.css'
info: Microsoft.AspNetCore.StaticFiles.StaticFileMiddleware[2]
      Sending file. Request path: '/Scripts/axios.min.js'. Physical path: 'D:\Projects\????\wwwroot\Scripts\axios.min.js'
info: Microsoft.AspNetCore.Hosting.Internal.WebHost[2]
      Request finished in 79.9798ms 200 text/css
info: Microsoft.AspNetCore.Hosting.Internal.WebHost[2]
      Request finished in 33.1369ms 200 application/javascript
info: Microsoft.AspNetCore.Hosting.Internal.WebHost[2]
      Request finished in 84.718ms 200 image/svg+xml
info: Microsoft.AspNetCore.Hosting.Internal.WebHost[1]
      Request starting HTTP/1.1 GET http://localhost/Scripts/vue.js  
info: Microsoft.AspNetCore.Hosting.Internal.WebHost[1]
      Request starting HTTP/1.1 GET http://localhost/img/Vector.svg  
info: Microsoft.AspNetCore.StaticFiles.StaticFileMiddleware[2]
      Sending file. Request path: '/img/Vector.svg'. Physical path: 'D:\Projects\????\wwwroot\img\Vector.svg'
info: Microsoft.AspNetCore.StaticFiles.StaticFileMiddleware[2]
      Sending file. Request path: '/signalr.js'. Physical path: 'D:\Projects\????\wwwroot\signalr.js'
info: Microsoft.AspNetCore.Hosting.Internal.WebHost[2]
      Request finished in 41.4524ms 200 image/svg+xml
info: Microsoft.AspNetCore.Hosting.Internal.WebHost[2]
      Request finished in 189.4307ms 200 application/javascript
info: Microsoft.AspNetCore.StaticFiles.StaticFileMiddleware[2]
      Sending file. Request path: '/Scripts/vue.js'. Physical path: 'D:\Projects\????\wwwroot\Scripts\vue.js'
info: Microsoft.AspNetCore.Hosting.Internal.WebHost[2]
      Request finished in 93.1142ms 200 application/javascript
info: Microsoft.AspNetCore.StaticFiles.StaticFileMiddleware[2]
      Sending file. Request path: '/Scripts/lodash.min.js'. Physical path: 'D:\Projects\????\wwwroot\Scripts\lodash.min.js'
info: Microsoft.AspNetCore.Hosting.Internal.WebHost[2]
      Request finished in 255.4227ms 200 application/javascript
info: Microsoft.AspNetCore.Hosting.Internal.WebHost[1]
      Request starting HTTP/1.1 GET http://localhost/GetDay?date=04.02.2020  
info: Microsoft.AspNetCore.Hosting.Internal.WebHost[1]
      Request starting HTTP/1.1 GET http://localhost/GetDay?date=05.02.2020  
info: Microsoft.AspNetCore.Hosting.Internal.WebHost[1]
      Request starting HTTP/1.1 GET http://localhost/GetDay?date=03.02.2020  
info: Microsoft.AspNetCore.Hosting.Internal.WebHost[1]
      Request starting HTTP/1.1 POST http://localhost/chatHub/negotiate text/plain;charset=UTF-8 0
info: Microsoft.AspNetCore.Mvc.Internal.ControllerActionInvoker[3]
      Route matched with {action = "GetDay", controller = "Home"}. Executing controller action with signature System.String GetDay(System.String) on controller SignalR_Vuejs__Demo.Controllers.HomeController (SignalR_Vuejs__Demo).
info: Microsoft.AspNetCore.Mvc.Internal.ControllerActionInvoker[3]
      Route matched with {action = "GetDay", controller = "Home"}. Executing controller action with signature System.String GetDay(System.String) on controller SignalR_Vuejs__Demo.Controllers.HomeController (SignalR_Vuejs__Demo).
info: Microsoft.AspNetCore.Mvc.Internal.ControllerActionInvoker[3]
      Route matched with {action = "GetDay", controller = "Home"}. Executing controller action with signature System.String GetDay(System.String) on controller SignalR_Vuejs__Demo.Controllers.HomeController (SignalR_Vuejs__Demo).
info: Microsoft.AspNetCore.Mvc.Internal.ControllerActionInvoker[1]
      Executing action method SignalR_Vuejs__Demo.Controllers.HomeController.GetDay (SignalR_Vuejs__Demo) - Validation state: Valid
info: Microsoft.AspNetCore.Mvc.Internal.ControllerActionInvoker[1]
      Executing action method SignalR_Vuejs__Demo.Controllers.HomeController.GetDay (SignalR_Vuejs__Demo) - Validation state: Valid
info: Microsoft.AspNetCore.Mvc.Internal.ControllerActionInvoker[1]
      Executing action method SignalR_Vuejs__Demo.Controllers.HomeController.GetDay (SignalR_Vuejs__Demo) - Validation state: Valid
info: Microsoft.AspNetCore.Hosting.Internal.WebHost[2]
      Request finished in 123.9862ms 200 application/json
info: Microsoft.AspNetCore.Hosting.Internal.WebHost[1]
      Request starting HTTP/1.1 GET http://localhost/GetDay?date=06.02.2020  
info: Microsoft.AspNetCore.Mvc.Internal.ControllerActionInvoker[3]
      Route matched with {action = "GetDay", controller = "Home"}. Executing controller action with signature System.String GetDay(System.String) on controller SignalR_Vuejs__Demo.Controllers.HomeController (SignalR_Vuejs__Demo).
info: Microsoft.AspNetCore.Mvc.Internal.ControllerActionInvoker[1]
      Executing action method SignalR_Vuejs__Demo.Controllers.HomeController.GetDay (SignalR_Vuejs__Demo) - Validation state: Valid
info: Microsoft.AspNetCore.Mvc.Internal.ControllerActionInvoker[2]
      Executed action method SignalR_Vuejs__Demo.Controllers.HomeController.GetDay (SignalR_Vuejs__Demo), returned result Microsoft.AspNetCore.Mvc.ObjectResult in 1006.5977ms.
info: Microsoft.AspNetCore.Mvc.Internal.ControllerActionInvoker[2]
      Executed action method SignalR_Vuejs__Demo.Controllers.HomeController.GetDay (SignalR_Vuejs__Demo), returned result Microsoft.AspNetCore.Mvc.ObjectResult in 1207.1715ms.
info: Microsoft.AspNetCore.Mvc.Internal.ControllerActionInvoker[2]
      Executed action method SignalR_Vuejs__Demo.Controllers.HomeController.GetDay (SignalR_Vuejs__Demo), returned result Microsoft.AspNetCore.Mvc.ObjectResult in 1210.5369ms.
info: Microsoft.AspNetCore.Mvc.Internal.ControllerActionInvoker[2]
      Executed action method SignalR_Vuejs__Demo.Controllers.HomeController.GetDay (SignalR_Vuejs__Demo), returned result Microsoft.AspNetCore.Mvc.ObjectResult in 1201.1622ms.
info: Microsoft.AspNetCore.Mvc.Infrastructure.ObjectResultExecutor[1]
      Executing ObjectResult, writing value of type 'System.String'.
info: Microsoft.AspNetCore.Mvc.Infrastructure.ObjectResultExecutor[1]
      Executing ObjectResult, writing value of type 'System.String'.
info: Microsoft.AspNetCore.Mvc.Infrastructure.ObjectResultExecutor[1]
      Executing ObjectResult, writing value of type 'System.String'.
info: Microsoft.AspNetCore.Mvc.Infrastructure.ObjectResultExecutor[1]
      Executing ObjectResult, writing value of type 'System.String'.
info: Microsoft.AspNetCore.Mvc.Internal.ControllerActionInvoker[2]
      Executed action SignalR_Vuejs__Demo.Controllers.HomeController.GetDay (SignalR_Vuejs__Demo) in 1284.0444ms
info: Microsoft.AspNetCore.Mvc.Internal.ControllerActionInvoker[2]
      Executed action SignalR_Vuejs__Demo.Controllers.HomeController.GetDay (SignalR_Vuejs__Demo) in 1279.1945ms
info: Microsoft.AspNetCore.Mvc.Internal.ControllerActionInvoker[2]
      Executed action SignalR_Vuejs__Demo.Controllers.HomeController.GetDay (SignalR_Vuejs__Demo) in 1280.7929ms
info: Microsoft.AspNetCore.Mvc.Internal.ControllerActionInvoker[2]
      Executed action SignalR_Vuejs__Demo.Controllers.HomeController.GetDay (SignalR_Vuejs__Demo) in 1065.8355ms
info: Microsoft.AspNetCore.Hosting.Internal.WebHost[2]
      Request finished in 1325.8096ms 200 text/plain; charset=utf-8
info: Microsoft.AspNetCore.Hosting.Internal.WebHost[2]
      Request finished in 1327.8185ms 200 text/plain; charset=utf-8
info: Microsoft.AspNetCore.Hosting.Internal.WebHost[2]
      Request finished in 1088.6851ms 200 text/plain; charset=utf-8
info: Microsoft.AspNetCore.Hosting.Internal.WebHost[2]
      Request finished in 1354.1782ms 200 text/plain; charset=utf-8
info: Microsoft.AspNetCore.Hosting.Internal.WebHost[1]
      Request starting HTTP/1.1 GET http://localhost/GetWindows?date=4.02.2020  
info: Microsoft.AspNetCore.Mvc.Internal.ControllerActionInvoker[3]
      Route matched with {action = "GetWindows", controller = "Home"}. Executing controller action with signature Microsoft.AspNetCore.Mvc.JsonResult GetWindows(System.String) on controller SignalR_Vuejs__Demo.Controllers.HomeController (SignalR_Vuejs__Demo).
info: Microsoft.AspNetCore.Hosting.Internal.WebHost[1]
      Request starting HTTP/1.1 GET http://localhost/GetDay?date=07.02.2020  
info: Microsoft.AspNetCore.Hosting.Internal.WebHost[1]
      Request starting HTTP/1.1 GET http://localhost/favicon.ico  
info: Microsoft.AspNetCore.Mvc.Internal.ControllerActionInvoker[1]
      Executing action method SignalR_Vuejs__Demo.Controllers.HomeController.GetWindows (SignalR_Vuejs__Demo) - Validation state: Valid
info: Microsoft.AspNetCore.Mvc.Internal.ControllerActionInvoker[3]
      Route matched with {action = "GetDay", controller = "Home"}. Executing controller action with signature System.String GetDay(System.String) on controller SignalR_Vuejs__Demo.Controllers.HomeController (SignalR_Vuejs__Demo).
info: Microsoft.AspNetCore.Hosting.Internal.WebHost[2]
      Request finished in 28.0288ms 404 
info: Microsoft.AspNetCore.Mvc.Internal.ControllerActionInvoker[1]
      Executing action method SignalR_Vuejs__Demo.Controllers.HomeController.GetDay (SignalR_Vuejs__Demo) - Validation state: Valid
info: Microsoft.AspNetCore.Hosting.Internal.WebHost[1]
      Request starting HTTP/1.1 GET http://localhost/chatHub?id=nDT68-FM81PTg7zpivWFLA  
info: Microsoft.AspNetCore.Hosting.Internal.WebHost[1]
      Request starting HTTP/1.1 GET http://localhost/GetDay?date=09.02.2020  
info: Microsoft.AspNetCore.Mvc.Internal.ControllerActionInvoker[3]
      Route matched with {action = "GetDay", controller = "Home"}. Executing controller action with signature System.String GetDay(System.String) on controller SignalR_Vuejs__Demo.Controllers.HomeController (SignalR_Vuejs__Demo).
info: Microsoft.AspNetCore.Mvc.Internal.ControllerActionInvoker[1]
      Executing action method SignalR_Vuejs__Demo.Controllers.HomeController.GetDay (SignalR_Vuejs__Demo) - Validation state: Valid
info: Microsoft.AspNetCore.Mvc.Internal.ControllerActionInvoker[2]
      Executed action method SignalR_Vuejs__Demo.Controllers.HomeController.GetDay (SignalR_Vuejs__Demo), returned result Microsoft.AspNetCore.Mvc.ObjectResult in 34.9452ms.
info: Microsoft.AspNetCore.Mvc.Internal.ControllerActionInvoker[2]
      Executed action method SignalR_Vuejs__Demo.Controllers.HomeController.GetDay (SignalR_Vuejs__Demo), returned result Microsoft.AspNetCore.Mvc.ObjectResult in 78.1139ms.
info: Microsoft.AspNetCore.Mvc.Infrastructure.ObjectResultExecutor[1]
      Executing ObjectResult, writing value of type 'System.String'.
info: Microsoft.AspNetCore.Mvc.Infrastructure.ObjectResultExecutor[1]
      Executing ObjectResult, writing value of type 'System.String'.
info: Microsoft.AspNetCore.Mvc.Internal.ControllerActionInvoker[2]
      Executed action SignalR_Vuejs__Demo.Controllers.HomeController.GetDay (SignalR_Vuejs__Demo) in 66.4192ms
info: Microsoft.AspNetCore.Mvc.Internal.ControllerActionInvoker[2]
      Executed action SignalR_Vuejs__Demo.Controllers.HomeController.GetDay (SignalR_Vuejs__Demo) in 104.9318ms
info: Microsoft.AspNetCore.Hosting.Internal.WebHost[2]
      Request finished in 84.9481ms 200 text/plain; charset=utf-8
info: Microsoft.AspNetCore.Hosting.Internal.WebHost[2]
      Request finished in 146.8236ms 200 text/plain; charset=utf-8
info: Microsoft.AspNetCore.Hosting.Internal.WebHost[1]
      Request starting HTTP/1.1 GET http://localhost/GetDay?date=08.02.2020  
info: Microsoft.AspNetCore.Mvc.Internal.ControllerActionInvoker[3]
      Route matched with {action = "GetDay", controller = "Home"}. Executing controller action with signature System.String GetDay(System.String) on controller SignalR_Vuejs__Demo.Controllers.HomeController (SignalR_Vuejs__Demo).
info: Microsoft.AspNetCore.Mvc.Internal.ControllerActionInvoker[1]
      Executing action method SignalR_Vuejs__Demo.Controllers.HomeController.GetDay (SignalR_Vuejs__Demo) - Validation state: Valid
info: Microsoft.AspNetCore.Mvc.Internal.ControllerActionInvoker[2]
      Executed action method SignalR_Vuejs__Demo.Controllers.HomeController.GetDay (SignalR_Vuejs__Demo), returned result Microsoft.AspNetCore.Mvc.ObjectResult in 1.9126ms.
info: Microsoft.AspNetCore.Mvc.Infrastructure.ObjectResultExecutor[1]
      Executing ObjectResult, writing value of type 'System.String'.
info: Microsoft.AspNetCore.Mvc.Internal.ControllerActionInvoker[2]
      Executed action SignalR_Vuejs__Demo.Controllers.HomeController.GetDay (SignalR_Vuejs__Demo) in 9.7152ms
info: Microsoft.AspNetCore.Hosting.Internal.WebHost[2]
      Request finished in 55.0406ms 200 text/plain; charset=utf-8
info: Microsoft.AspNetCore.Mvc.Internal.ControllerActionInvoker[2]
      Executed action method SignalR_Vuejs__Demo.Controllers.HomeController.GetWindows (SignalR_Vuejs__Demo), returned result Microsoft.AspNetCore.Mvc.JsonResult in 347.3283ms.
info: Microsoft.AspNetCore.Mvc.Formatters.Json.Internal.JsonResultExecutor[1]
      Executing JsonResult, writing value of type 'System.Collections.Generic.List`1[[SignalR_Vuejs__Demo.Models.ParseJson, SignalR_Vuejs__Demo, Version=1.0.0.0, Culture=neutral, PublicKeyToken=null]]'.
info: Microsoft.AspNetCore.Mvc.Internal.ControllerActionInvoker[2]
      Executed action SignalR_Vuejs__Demo.Controllers.HomeController.GetWindows (SignalR_Vuejs__Demo) in 427.0224ms
info: Microsoft.AspNetCore.Hosting.Internal.WebHost[2]
      Request finished in 503.4201ms 200 application/json; charset=utf-8
info: Microsoft.AspNetCore.Hosting.Internal.WebHost[1]
      Request starting HTTP/1.1 GET http://localhost/signalr.js.map  
info: Microsoft.AspNetCore.Hosting.Internal.WebHost[1]
      Request starting HTTP/1.1 GET http://localhost/Scripts/axios.min.map  
info: Microsoft.AspNetCore.Hosting.Internal.WebHost[2]
      Request finished in 9.0777ms 404 
info: Microsoft.AspNetCore.Hosting.Internal.WebHost[2]
      Request finished in 11.8003ms 404 
info: Microsoft.AspNetCore.Hosting.Internal.WebHost[1]
      Request starting HTTP/1.1 GET http://localhost/  
info: Microsoft.AspNetCore.Mvc.Internal.ControllerActionInvoker[3]
      Route matched with {action = "Index", controller = "Home"}. Executing controller action with signature Microsoft.AspNetCore.Mvc.IActionResult Index() on controller SignalR_Vuejs__Demo.Controllers.HomeController (SignalR_Vuejs__Demo).
info: Microsoft.AspNetCore.Mvc.Internal.ControllerActionInvoker[1]
      Executing action method SignalR_Vuejs__Demo.Controllers.HomeController.Index (SignalR_Vuejs__Demo) - Validation state: Valid
info: Microsoft.AspNetCore.Mvc.Internal.ControllerActionInvoker[2]
      Executed action method SignalR_Vuejs__Demo.Controllers.HomeController.Index (SignalR_Vuejs__Demo), returned result Microsoft.AspNetCore.Mvc.ViewResult in 0.1728ms.
info: Microsoft.AspNetCore.Mvc.ViewFeatures.ViewResultExecutor[1]
      Executing ViewResult, running view Index.
info: Microsoft.AspNetCore.Mvc.ViewFeatures.ViewResultExecutor[4]
      Executed ViewResult - view Index executed in 3.2019ms.
info: Microsoft.AspNetCore.Mvc.Internal.ControllerActionInvoker[2]
      Executed action SignalR_Vuejs__Demo.Controllers.HomeController.Index (SignalR_Vuejs__Demo) in 16.3843ms
info: Microsoft.AspNetCore.Hosting.Internal.WebHost[2]
      Request finished in 24.2291ms 200 text/html; charset=utf-8
info: Microsoft.AspNetCore.Hosting.Internal.WebHost[1]
      Request starting HTTP/1.1 GET http://localhost/Scripts/lodash.min.js  
info: Microsoft.AspNetCore.Hosting.Internal.WebHost[1]
      Request starting HTTP/1.1 GET http://localhost/Scripts/axios.min.js  
info: Microsoft.AspNetCore.Hosting.Internal.WebHost[1]
      Request starting HTTP/1.1 GET http://localhost/Styles/StyleSheet.min.css  
info: Microsoft.AspNetCore.Hosting.Internal.WebHost[1]
      Request starting HTTP/1.1 GET http://localhost/img/Vector-1.svg  
info: Microsoft.AspNetCore.Hosting.Internal.WebHost[1]
      Request starting HTTP/1.1 GET http://localhost/signalr.js  
info: Microsoft.AspNetCore.Hosting.Internal.WebHost[1]
      Request starting HTTP/1.1 GET http://localhost/img/Group 6.svg  
info: Microsoft.AspNetCore.StaticFiles.StaticFileMiddleware[2]
      Sending file. Request path: '/Scripts/axios.min.js'. Physical path: 'D:\Projects\????\wwwroot\Scripts\axios.min.js'
info: Microsoft.AspNetCore.StaticFiles.StaticFileMiddleware[2]
      Sending file. Request path: '/img/Vector-1.svg'. Physical path: 'D:\Projects\????\wwwroot\img\Vector-1.svg'
info: Microsoft.AspNetCore.Hosting.Internal.WebHost[2]
      Request finished in 74.671ms 200 application/javascript
info: Microsoft.AspNetCore.StaticFiles.StaticFileMiddleware[2]
      Sending file. Request path: '/Styles/StyleSheet.min.css'. Physical path: 'D:\Projects\????\wwwroot\Styles\StyleSheet.min.css'
info: Microsoft.AspNetCore.Hosting.Internal.WebHost[2]
      Request finished in 40.6329ms 200 image/svg+xml
info: Microsoft.AspNetCore.Hosting.Internal.WebHost[2]
      Request finished in 105.9936ms 200 text/css
info: Microsoft.AspNetCore.StaticFiles.StaticFileMiddleware[2]
      Sending file. Request path: '/Scripts/lodash.min.js'. Physical path: 'D:\Projects\????\wwwroot\Scripts\lodash.min.js'
info: Microsoft.AspNetCore.Hosting.Internal.WebHost[2]
      Request finished in 165.392ms 200 application/javascript
info: Microsoft.AspNetCore.Hosting.Internal.WebHost[1]
      Request starting HTTP/1.1 GET http://localhost/img/Vector.svg  
info: Microsoft.AspNetCore.Hosting.Internal.WebHost[1]
      Request starting HTTP/1.1 GET http://localhost/Scripts/vue.js  
info: Microsoft.AspNetCore.StaticFiles.StaticFileMiddleware[2]
      Sending file. Request path: '/signalr.js'. Physical path: 'D:\Projects\????\wwwroot\signalr.js'
info: Microsoft.AspNetCore.StaticFiles.StaticFileMiddleware[2]
      Sending file. Request path: '/img/Vector.svg'. Physical path: 'D:\Projects\????\wwwroot\img\Vector.svg'
info: Microsoft.AspNetCore.Hosting.Internal.WebHost[2]
      Request finished in 55.2492ms 200 image/svg+xml
info: Microsoft.AspNetCore.Hosting.Internal.WebHost[2]
      Request finished in 167.8947ms 200 application/javascript
info: Microsoft.AspNetCore.Hosting.Internal.WebHost[1]
      Request starting HTTP/1.1 GET http://localhost/signalr.js.map  
info: Microsoft.AspNetCore.Hosting.Internal.WebHost[1]
      Request starting HTTP/1.1 GET http://localhost/Scripts/axios.min.map  
info: Microsoft.AspNetCore.Hosting.Internal.WebHost[2]
      Request finished in 45.7491ms 404 
info: Microsoft.AspNetCore.StaticFiles.StaticFileMiddleware[2]
      Sending file. Request path: '/img/Group 6.svg'. Physical path: 'D:\Projects\????\wwwroot\img\Group 6.svg'
info: Microsoft.AspNetCore.Hosting.Internal.WebHost[2]
      Request finished in 54.7712ms 404 
info: Microsoft.AspNetCore.Hosting.Internal.WebHost[2]
      Request finished in 367.0857ms 200 image/svg+xml
info: Microsoft.AspNetCore.StaticFiles.StaticFileMiddleware[2]
      Sending file. Request path: '/Scripts/vue.js'. Physical path: 'D:\Projects\????\wwwroot\Scripts\vue.js'
info: Microsoft.AspNetCore.Hosting.Internal.WebHost[2]
      Request finished in 297.9145ms 200 application/javascript
info: Microsoft.AspNetCore.Hosting.Internal.WebHost[1]
      Request starting HTTP/1.1 POST http://localhost/chatHub/negotiate text/plain;charset=UTF-8 0
info: Microsoft.AspNetCore.Hosting.Internal.WebHost[1]
      Request starting HTTP/1.1 GET http://localhost/GetDay?date=03.02.2020  
info: Microsoft.AspNetCore.Hosting.Internal.WebHost[1]
      Request starting HTTP/1.1 GET http://localhost/GetWindows?date=4.02.2020  
info: Microsoft.AspNetCore.Hosting.Internal.WebHost[1]
      Request starting HTTP/1.1 GET http://localhost/GetDay?date=05.02.2020  
info: Microsoft.AspNetCore.Hosting.Internal.WebHost[1]
      Request starting HTTP/1.1 GET http://localhost/GetDay?date=06.02.2020  
info: Microsoft.AspNetCore.Hosting.Internal.WebHost[1]
      Request starting HTTP/1.1 GET http://localhost/GetDay?date=04.02.2020  
info: Microsoft.AspNetCore.Hosting.Internal.WebHost[2]
      Request finished in 17.6304ms 200 application/json
info: Microsoft.AspNetCore.Mvc.Internal.ControllerActionInvoker[3]
      Route matched with {action = "GetDay", controller = "Home"}. Executing controller action with signature System.String GetDay(System.String) on controller SignalR_Vuejs__Demo.Controllers.HomeController (SignalR_Vuejs__Demo).
info: Microsoft.AspNetCore.Mvc.Internal.ControllerActionInvoker[3]
      Route matched with {action = "GetDay", controller = "Home"}. Executing controller action with signature System.String GetDay(System.String) on controller SignalR_Vuejs__Demo.Controllers.HomeController (SignalR_Vuejs__Demo).
info: Microsoft.AspNetCore.Mvc.Internal.ControllerActionInvoker[1]
      Executing action method SignalR_Vuejs__Demo.Controllers.HomeController.GetDay (SignalR_Vuejs__Demo) - Validation state: Valid
info: Microsoft.AspNetCore.Mvc.Internal.ControllerActionInvoker[1]
      Executing action method SignalR_Vuejs__Demo.Controllers.HomeController.GetDay (SignalR_Vuejs__Demo) - Validation state: Valid
info: Microsoft.AspNetCore.Mvc.Internal.ControllerActionInvoker[3]
      Route matched with {action = "GetDay", controller = "Home"}. Executing controller action with signature System.String GetDay(System.String) on controller SignalR_Vuejs__Demo.Controllers.HomeController (SignalR_Vuejs__Demo).
info: Microsoft.AspNetCore.Mvc.Internal.ControllerActionInvoker[2]
      Executed action method SignalR_Vuejs__Demo.Controllers.HomeController.GetDay (SignalR_Vuejs__Demo), returned result Microsoft.AspNetCore.Mvc.ObjectResult in 46.1107ms.
info: Microsoft.AspNetCore.Mvc.Internal.ControllerActionInvoker[3]
      Route matched with {action = "GetDay", controller = "Home"}. Executing controller action with signature System.String GetDay(System.String) on controller SignalR_Vuejs__Demo.Controllers.HomeController (SignalR_Vuejs__Demo).
info: Microsoft.AspNetCore.Mvc.Internal.ControllerActionInvoker[1]
      Executing action method SignalR_Vuejs__Demo.Controllers.HomeController.GetDay (SignalR_Vuejs__Demo) - Validation state: Valid
info: Microsoft.AspNetCore.Mvc.Infrastructure.ObjectResultExecutor[1]
      Executing ObjectResult, writing value of type 'System.String'.
info: Microsoft.AspNetCore.Mvc.Internal.ControllerActionInvoker[2]
      Executed action method SignalR_Vuejs__Demo.Controllers.HomeController.GetDay (SignalR_Vuejs__Demo), returned result Microsoft.AspNetCore.Mvc.ObjectResult in 78.158ms.
info: Microsoft.AspNetCore.Mvc.Internal.ControllerActionInvoker[2]
      Executed action SignalR_Vuejs__Demo.Controllers.HomeController.GetDay (SignalR_Vuejs__Demo) in 100.0908ms
info: Microsoft.AspNetCore.Mvc.Infrastructure.ObjectResultExecutor[1]
      Executing ObjectResult, writing value of type 'System.String'.
info: Microsoft.AspNetCore.Hosting.Internal.WebHost[2]
      Request finished in 167.0342ms 200 text/plain; charset=utf-8
info: Microsoft.AspNetCore.Mvc.Internal.ControllerActionInvoker[2]
      Executed action method SignalR_Vuejs__Demo.Controllers.HomeController.GetDay (SignalR_Vuejs__Demo), returned result Microsoft.AspNetCore.Mvc.ObjectResult in 32.4102ms.
info: Microsoft.AspNetCore.Mvc.Internal.ControllerActionInvoker[2]
      Executed action SignalR_Vuejs__Demo.Controllers.HomeController.GetDay (SignalR_Vuejs__Demo) in 125.2108ms
info: Microsoft.AspNetCore.Hosting.Internal.WebHost[1]
      Request starting HTTP/1.1 GET http://localhost/GetDay?date=08.02.2020  
info: Microsoft.AspNetCore.Hosting.Internal.WebHost[2]
      Request finished in 175.4454ms 200 text/plain; charset=utf-8
info: Microsoft.AspNetCore.Mvc.Infrastructure.ObjectResultExecutor[1]
      Executing ObjectResult, writing value of type 'System.String'.
info: Microsoft.AspNetCore.Hosting.Internal.WebHost[1]
      Request starting HTTP/1.1 GET http://localhost/GetDay?date=09.02.2020  
info: Microsoft.AspNetCore.Mvc.Internal.ControllerActionInvoker[2]
      Executed action SignalR_Vuejs__Demo.Controllers.HomeController.GetDay (SignalR_Vuejs__Demo) in 76.9212ms
info: Microsoft.AspNetCore.Mvc.Internal.ControllerActionInvoker[3]
      Route matched with {action = "GetDay", controller = "Home"}. Executing controller action with signature System.String GetDay(System.String) on controller SignalR_Vuejs__Demo.Controllers.HomeController (SignalR_Vuejs__Demo).
info: Microsoft.AspNetCore.Hosting.Internal.WebHost[2]
      Request finished in 189.1411ms 200 text/plain; charset=utf-8
info: Microsoft.AspNetCore.Mvc.Internal.ControllerActionInvoker[1]
      Executing action method SignalR_Vuejs__Demo.Controllers.HomeController.GetDay (SignalR_Vuejs__Demo) - Validation state: Valid
info: Microsoft.AspNetCore.Mvc.Internal.ControllerActionInvoker[1]
      Executing action method SignalR_Vuejs__Demo.Controllers.HomeController.GetDay (SignalR_Vuejs__Demo) - Validation state: Valid
info: Microsoft.AspNetCore.Mvc.Internal.ControllerActionInvoker[2]
      Executed action method SignalR_Vuejs__Demo.Controllers.HomeController.GetDay (SignalR_Vuejs__Demo), returned result Microsoft.AspNetCore.Mvc.ObjectResult in 7.8819ms.
info: Microsoft.AspNetCore.Mvc.Internal.ControllerActionInvoker[3]
      Route matched with {action = "GetWindows", controller = "Home"}. Executing controller action with signature Microsoft.AspNetCore.Mvc.JsonResult GetWindows(System.String) on controller SignalR_Vuejs__Demo.Controllers.HomeController (SignalR_Vuejs__Demo).
info: Microsoft.AspNetCore.Mvc.Infrastructure.ObjectResultExecutor[1]
      Executing ObjectResult, writing value of type 'System.String'.
info: Microsoft.AspNetCore.Mvc.Internal.ControllerActionInvoker[1]
      Executing action method SignalR_Vuejs__Demo.Controllers.HomeController.GetWindows (SignalR_Vuejs__Demo) - Validation state: Valid
info: Microsoft.AspNetCore.Mvc.Internal.ControllerActionInvoker[2]
      Executed action SignalR_Vuejs__Demo.Controllers.HomeController.GetDay (SignalR_Vuejs__Demo) in 37.0137ms
info: Microsoft.AspNetCore.Hosting.Internal.WebHost[1]
      Request starting HTTP/1.1 GET http://localhost/chatHub?id=D-g4S92yCq6BIUlT4Cy07Q  
info: Microsoft.AspNetCore.Hosting.Internal.WebHost[2]
      Request finished in 78.8707ms 200 text/plain; charset=utf-8
info: Microsoft.AspNetCore.Mvc.Internal.ControllerActionInvoker[2]
      Executed action method SignalR_Vuejs__Demo.Controllers.HomeController.GetDay (SignalR_Vuejs__Demo), returned result Microsoft.AspNetCore.Mvc.ObjectResult in 44.8124ms.
info: Microsoft.AspNetCore.Mvc.Infrastructure.ObjectResultExecutor[1]
      Executing ObjectResult, writing value of type 'System.String'.
info: Microsoft.AspNetCore.Mvc.Internal.ControllerActionInvoker[3]
      Route matched with {action = "GetDay", controller = "Home"}. Executing controller action with signature System.String GetDay(System.String) on controller SignalR_Vuejs__Demo.Controllers.HomeController (SignalR_Vuejs__Demo).
info: Microsoft.AspNetCore.Mvc.Internal.ControllerActionInvoker[2]
      Executed action SignalR_Vuejs__Demo.Controllers.HomeController.GetDay (SignalR_Vuejs__Demo) in 71.3744ms
info: Microsoft.AspNetCore.Mvc.Internal.ControllerActionInvoker[1]
      Executing action method SignalR_Vuejs__Demo.Controllers.HomeController.GetDay (SignalR_Vuejs__Demo) - Validation state: Valid
info: Microsoft.AspNetCore.Hosting.Internal.WebHost[1]
      Request starting HTTP/1.1 GET http://localhost/GetDay?date=07.02.2020  
info: Microsoft.AspNetCore.Hosting.Internal.WebHost[2]
      Request finished in 290.0739ms 200 text/plain; charset=utf-8
info: Microsoft.AspNetCore.Mvc.Internal.ControllerActionInvoker[2]
      Executed action method SignalR_Vuejs__Demo.Controllers.HomeController.GetDay (SignalR_Vuejs__Demo), returned result Microsoft.AspNetCore.Mvc.ObjectResult in 5.6249ms.
info: Microsoft.AspNetCore.Mvc.Internal.ControllerActionInvoker[3]
      Route matched with {action = "GetDay", controller = "Home"}. Executing controller action with signature System.String GetDay(System.String) on controller SignalR_Vuejs__Demo.Controllers.HomeController (SignalR_Vuejs__Demo).
info: Microsoft.AspNetCore.Mvc.Infrastructure.ObjectResultExecutor[1]
      Executing ObjectResult, writing value of type 'System.String'.
info: Microsoft.AspNetCore.Mvc.Internal.ControllerActionInvoker[1]
      Executing action method SignalR_Vuejs__Demo.Controllers.HomeController.GetDay (SignalR_Vuejs__Demo) - Validation state: Valid
info: Microsoft.AspNetCore.Mvc.Internal.ControllerActionInvoker[2]
      Executed action SignalR_Vuejs__Demo.Controllers.HomeController.GetDay (SignalR_Vuejs__Demo) in 27.0592ms
info: Microsoft.AspNetCore.Hosting.Internal.WebHost[2]
      Request finished in 141.0796ms 200 text/plain; charset=utf-8
info: Microsoft.AspNetCore.Mvc.Internal.ControllerActionInvoker[2]
      Executed action method SignalR_Vuejs__Demo.Controllers.HomeController.GetDay (SignalR_Vuejs__Demo), returned result Microsoft.AspNetCore.Mvc.ObjectResult in 46.8451ms.
info: Microsoft.AspNetCore.Mvc.Infrastructure.ObjectResultExecutor[1]
      Executing ObjectResult, writing value of type 'System.String'.
info: Microsoft.AspNetCore.Mvc.Internal.ControllerActionInvoker[2]
      Executed action SignalR_Vuejs__Demo.Controllers.HomeController.GetDay (SignalR_Vuejs__Demo) in 56.3081ms
info: Microsoft.AspNetCore.Hosting.Internal.WebHost[2]
      Request finished in 83.8556ms 200 text/plain; charset=utf-8
info: Microsoft.AspNetCore.Mvc.Internal.ControllerActionInvoker[2]
      Executed action method SignalR_Vuejs__Demo.Controllers.HomeController.GetWindows (SignalR_Vuejs__Demo), returned result Microsoft.AspNetCore.Mvc.JsonResult in 212.4582ms.
info: Microsoft.AspNetCore.Mvc.Formatters.Json.Internal.JsonResultExecutor[1]
      Executing JsonResult, writing value of type 'System.Collections.Generic.List`1[[SignalR_Vuejs__Demo.Models.ParseJson, SignalR_Vuejs__Demo, Version=1.0.0.0, Culture=neutral, PublicKeyToken=null]]'.
info: Microsoft.AspNetCore.Mvc.Internal.ControllerActionInvoker[2]
      Executed action SignalR_Vuejs__Demo.Controllers.HomeController.GetWindows (SignalR_Vuejs__Demo) in 238.935ms
info: Microsoft.AspNetCore.Hosting.Internal.WebHost[2]
      Request finished in 464.8793ms 200 application/json; charset=utf-8
info: Microsoft.AspNetCore.Hosting.Internal.WebHost[1]
      Request starting HTTP/1.1 GET http://localhost/chatHub?id=D-g4S92yCq6BIUlT4Cy07Q  
fail: Microsoft.AspNetCore.Http.Connections.Internal.HttpConnectionDispatcher[8]
      Cannot change transports mid-connection; currently using ServerSentEvents, requesting LongPolling.
info: Microsoft.AspNetCore.Hosting.Internal.WebHost[2]
      Request finished in 21.5376ms 400 text/plain








































































