info: Microsoft.AspNetCore.DataProtection.KeyManagement.XmlKeyManager[0]
      User profile not available. Using 'HKEY_LOCAL_MACHINE\SOFTWARE\Microsoft\ASP.NET\4.0.30319.0\AutoGenKeys\S-1-5-82-3006700770-424185619-1745488364-794895919-4004696415\DataProtection' as key repository and Windows DPAPI to encrypt keys at rest.
Hosting environment: Production
Content root path: D:\Projects\????
Now listening on: http://127.0.0.1:7182
Application started. Press Ctrl+C to shut down.
info: Microsoft.AspNetCore.Hosting.Internal.WebHost[1]
      Request starting HTTP/1.1 DEBUG http://localhost/  0
info: Microsoft.AspNetCore.Hosting.Internal.WebHost[1]
      Request starting HTTP/1.1 GET http://localhost/  
warn: Microsoft.AspNetCore.HttpsPolicy.HttpsRedirectionMiddleware[3]
      Failed to determine the https port for redirect.
info: Microsoft.AspNetCore.Hosting.Internal.WebHost[2]
      Request finished in 53.2966ms 200 
info: Microsoft.AspNetCore.Mvc.Internal.ControllerActionInvoker[3]
      Route matched with {action = "Index", controller = "Home"}. Executing controller action with signature Microsoft.AspNetCore.Mvc.IActionResult Index() on controller SignalR_Vuejs__Demo.Controllers.HomeController (SignalR_Vuejs__Demo).
info: Microsoft.AspNetCore.Mvc.Internal.ControllerActionInvoker[1]
      Executing action method SignalR_Vuejs__Demo.Controllers.HomeController.Index (SignalR_Vuejs__Demo) - Validation state: Valid
info: Microsoft.AspNetCore.Mvc.Internal.ControllerActionInvoker[2]
      Executed action method SignalR_Vuejs__Demo.Controllers.HomeController.Index (SignalR_Vuejs__Demo), returned result Microsoft.AspNetCore.Mvc.ViewResult in 2.2665ms.
info: Microsoft.AspNetCore.Mvc.ViewFeatures.ViewResultExecutor[1]
      Executing ViewResult, running view Index.
info: Microsoft.AspNetCore.Mvc.ViewFeatures.ViewResultExecutor[4]
      Executed ViewResult - view Index executed in 170.3068ms.
info: Microsoft.AspNetCore.Mvc.Internal.ControllerActionInvoker[2]
      Executed action SignalR_Vuejs__Demo.Controllers.HomeController.Index (SignalR_Vuejs__Demo) in 224.8553ms
info: Microsoft.AspNetCore.Hosting.Internal.WebHost[2]
      Request finished in 710.6419ms 200 text/html; charset=utf-8
info: Microsoft.AspNetCore.Hosting.Internal.WebHost[1]
      Request starting HTTP/1.1 GET http://localhost/Styles/StyleSheet.min.css  
info: Microsoft.AspNetCore.Hosting.Internal.WebHost[1]
      Request starting HTTP/1.1 GET http://localhost/img/Group 6.svg  
info: Microsoft.AspNetCore.Hosting.Internal.WebHost[1]
      Request starting HTTP/1.1 GET http://localhost/signalr.js  
info: Microsoft.AspNetCore.Hosting.Internal.WebHost[1]
      Request starting HTTP/1.1 GET http://localhost/img/Vector-1.svg  
info: Microsoft.AspNetCore.Hosting.Internal.WebHost[1]
      Request starting HTTP/1.1 GET http://localhost/Scripts/lodash.min.js  
info: Microsoft.AspNetCore.Hosting.Internal.WebHost[1]
      Request starting HTTP/1.1 GET http://localhost/Scripts/axios.min.js  
info: Microsoft.AspNetCore.StaticFiles.StaticFileMiddleware[2]
      Sending file. Request path: '/img/Group 6.svg'. Physical path: 'D:\Projects\????\wwwroot\img\Group 6.svg'
info: Microsoft.AspNetCore.StaticFiles.StaticFileMiddleware[2]
      Sending file. Request path: '/img/Vector-1.svg'. Physical path: 'D:\Projects\????\wwwroot\img\Vector-1.svg'
info: Microsoft.AspNetCore.StaticFiles.StaticFileMiddleware[2]
      Sending file. Request path: '/Styles/StyleSheet.min.css'. Physical path: 'D:\Projects\????\wwwroot\Styles\StyleSheet.min.css'
info: Microsoft.AspNetCore.Hosting.Internal.WebHost[2]
      Request finished in 100.6374ms 200 text/css
info: Microsoft.AspNetCore.Hosting.Internal.WebHost[2]
      Request finished in 104.5337ms 200 image/svg+xml
info: Microsoft.AspNetCore.Hosting.Internal.WebHost[2]
      Request finished in 70.0185ms 200 image/svg+xml
info: Microsoft.AspNetCore.StaticFiles.StaticFileMiddleware[2]
      Sending file. Request path: '/Scripts/axios.min.js'. Physical path: 'D:\Projects\????\wwwroot\Scripts\axios.min.js'
info: Microsoft.AspNetCore.StaticFiles.StaticFileMiddleware[2]
      Sending file. Request path: '/signalr.js'. Physical path: 'D:\Projects\????\wwwroot\signalr.js'
info: Microsoft.AspNetCore.StaticFiles.StaticFileMiddleware[2]
      Sending file. Request path: '/Scripts/lodash.min.js'. Physical path: 'D:\Projects\????\wwwroot\Scripts\lodash.min.js'
info: Microsoft.AspNetCore.Hosting.Internal.WebHost[2]
      Request finished in 99.4732ms 200 application/javascript
info: Microsoft.AspNetCore.Hosting.Internal.WebHost[1]
      Request starting HTTP/1.1 GET http://localhost/img/Vector.svg  
info: Microsoft.AspNetCore.Hosting.Internal.WebHost[1]
      Request starting HTTP/1.1 GET http://localhost/Scripts/vue.js  
info: Microsoft.AspNetCore.Hosting.Internal.WebHost[2]
      Request finished in 218.6016ms 200 application/javascript
info: Microsoft.AspNetCore.Hosting.Internal.WebHost[2]
      Request finished in 215.9494ms 200 application/javascript
info: Microsoft.AspNetCore.StaticFiles.StaticFileMiddleware[2]
      Sending file. Request path: '/img/Vector.svg'. Physical path: 'D:\Projects\????\wwwroot\img\Vector.svg'
info: Microsoft.AspNetCore.Hosting.Internal.WebHost[2]
      Request finished in 124.1852ms 200 image/svg+xml
info: Microsoft.AspNetCore.StaticFiles.StaticFileMiddleware[2]
      Sending file. Request path: '/Scripts/vue.js'. Physical path: 'D:\Projects\????\wwwroot\Scripts\vue.js'
info: Microsoft.AspNetCore.Hosting.Internal.WebHost[2]
      Request finished in 166.2377ms 200 application/javascript
info: Microsoft.AspNetCore.Hosting.Internal.WebHost[1]
      Request starting HTTP/1.1 POST http://localhost/chatHub/negotiate text/plain;charset=UTF-8 0
info: Microsoft.AspNetCore.Hosting.Internal.WebHost[1]
      Request starting HTTP/1.1 GET http://localhost/GetDay?date=04.02.2020  
info: Microsoft.AspNetCore.Hosting.Internal.WebHost[1]
      Request starting HTTP/1.1 GET http://localhost/GetDay?date=03.02.2020  
info: Microsoft.AspNetCore.Hosting.Internal.WebHost[1]
      Request starting HTTP/1.1 GET http://localhost/GetWindows?date=06.02.2020  
info: Microsoft.AspNetCore.Mvc.Internal.ControllerActionInvoker[3]
      Route matched with {action = "GetDay", controller = "Home"}. Executing controller action with signature System.String GetDay(System.String) on controller SignalR_Vuejs__Demo.Controllers.HomeController (SignalR_Vuejs__Demo).
info: Microsoft.AspNetCore.Mvc.Internal.ControllerActionInvoker[3]
      Route matched with {action = "GetDay", controller = "Home"}. Executing controller action with signature System.String GetDay(System.String) on controller SignalR_Vuejs__Demo.Controllers.HomeController (SignalR_Vuejs__Demo).
info: Microsoft.AspNetCore.Mvc.Internal.ControllerActionInvoker[3]
      Route matched with {action = "GetWindows", controller = "Home"}. Executing controller action with signature Microsoft.AspNetCore.Mvc.JsonResult GetWindows(System.String) on controller SignalR_Vuejs__Demo.Controllers.HomeController (SignalR_Vuejs__Demo).
info: Microsoft.AspNetCore.Hosting.Internal.WebHost[2]
      Request finished in 75.9254ms 200 application/json
info: Microsoft.AspNetCore.Hosting.Internal.WebHost[1]
      Request starting HTTP/1.1 GET http://localhost/GetDay?date=05.02.2020  
info: Microsoft.AspNetCore.Mvc.Internal.ControllerActionInvoker[1]
      Executing action method SignalR_Vuejs__Demo.Controllers.HomeController.GetDay (SignalR_Vuejs__Demo) - Validation state: Valid
info: Microsoft.AspNetCore.Mvc.Internal.ControllerActionInvoker[1]
      Executing action method SignalR_Vuejs__Demo.Controllers.HomeController.GetDay (SignalR_Vuejs__Demo) - Validation state: Valid
info: Microsoft.AspNetCore.Mvc.Internal.ControllerActionInvoker[1]
      Executing action method SignalR_Vuejs__Demo.Controllers.HomeController.GetWindows (SignalR_Vuejs__Demo) - Validation state: Valid
info: Microsoft.AspNetCore.Mvc.Internal.ControllerActionInvoker[3]
      Route matched with {action = "GetDay", controller = "Home"}. Executing controller action with signature System.String GetDay(System.String) on controller SignalR_Vuejs__Demo.Controllers.HomeController (SignalR_Vuejs__Demo).
info: Microsoft.AspNetCore.Mvc.Internal.ControllerActionInvoker[1]
      Executing action method SignalR_Vuejs__Demo.Controllers.HomeController.GetDay (SignalR_Vuejs__Demo) - Validation state: Valid
info: Microsoft.AspNetCore.Mvc.Internal.ControllerActionInvoker[2]
      Executed action method SignalR_Vuejs__Demo.Controllers.HomeController.GetDay (SignalR_Vuejs__Demo), returned result Microsoft.AspNetCore.Mvc.ObjectResult in 764.8921ms.
info: Microsoft.AspNetCore.Mvc.Internal.ControllerActionInvoker[2]
      Executed action method SignalR_Vuejs__Demo.Controllers.HomeController.GetDay (SignalR_Vuejs__Demo), returned result Microsoft.AspNetCore.Mvc.ObjectResult in 770.5555ms.
info: Microsoft.AspNetCore.Mvc.Internal.ControllerActionInvoker[2]
      Executed action method SignalR_Vuejs__Demo.Controllers.HomeController.GetDay (SignalR_Vuejs__Demo), returned result Microsoft.AspNetCore.Mvc.ObjectResult in 759.1475ms.
info: Microsoft.AspNetCore.Mvc.Infrastructure.ObjectResultExecutor[1]
      Executing ObjectResult, writing value of type 'System.String'.
info: Microsoft.AspNetCore.Mvc.Infrastructure.ObjectResultExecutor[1]
      Executing ObjectResult, writing value of type 'System.String'.
info: Microsoft.AspNetCore.Mvc.Infrastructure.ObjectResultExecutor[1]
      Executing ObjectResult, writing value of type 'System.String'.
info: Microsoft.AspNetCore.Mvc.Internal.ControllerActionInvoker[2]
      Executed action SignalR_Vuejs__Demo.Controllers.HomeController.GetDay (SignalR_Vuejs__Demo) in 780.6438ms
info: Microsoft.AspNetCore.Mvc.Internal.ControllerActionInvoker[2]
      Executed action SignalR_Vuejs__Demo.Controllers.HomeController.GetDay (SignalR_Vuejs__Demo) in 825.1475ms
info: Microsoft.AspNetCore.Mvc.Internal.ControllerActionInvoker[2]
      Executed action SignalR_Vuejs__Demo.Controllers.HomeController.GetDay (SignalR_Vuejs__Demo) in 822.1504ms
info: Microsoft.AspNetCore.Hosting.Internal.WebHost[2]
      Request finished in 807.1308ms 200 text/plain; charset=utf-8
info: Microsoft.AspNetCore.Hosting.Internal.WebHost[2]
      Request finished in 875.2038ms 200 text/plain; charset=utf-8
info: Microsoft.AspNetCore.Hosting.Internal.WebHost[2]
      Request finished in 878.8204ms 200 text/plain; charset=utf-8
info: Microsoft.AspNetCore.Hosting.Internal.WebHost[1]
      Request starting HTTP/1.1 GET http://localhost/GetDay?date=06.02.2020  
info: Microsoft.AspNetCore.Hosting.Internal.WebHost[1]
      Request starting HTTP/1.1 GET http://localhost/GetDay?date=07.02.2020  
info: Microsoft.AspNetCore.Mvc.Internal.ControllerActionInvoker[3]
      Route matched with {action = "GetDay", controller = "Home"}. Executing controller action with signature System.String GetDay(System.String) on controller SignalR_Vuejs__Demo.Controllers.HomeController (SignalR_Vuejs__Demo).
info: Microsoft.AspNetCore.Mvc.Internal.ControllerActionInvoker[3]
      Route matched with {action = "GetDay", controller = "Home"}. Executing controller action with signature System.String GetDay(System.String) on controller SignalR_Vuejs__Demo.Controllers.HomeController (SignalR_Vuejs__Demo).
info: Microsoft.AspNetCore.Mvc.Internal.ControllerActionInvoker[1]
      Executing action method SignalR_Vuejs__Demo.Controllers.HomeController.GetDay (SignalR_Vuejs__Demo) - Validation state: Valid
info: Microsoft.AspNetCore.Mvc.Internal.ControllerActionInvoker[1]
      Executing action method SignalR_Vuejs__Demo.Controllers.HomeController.GetDay (SignalR_Vuejs__Demo) - Validation state: Valid
info: Microsoft.AspNetCore.Mvc.Internal.ControllerActionInvoker[2]
      Executed action method SignalR_Vuejs__Demo.Controllers.HomeController.GetDay (SignalR_Vuejs__Demo), returned result Microsoft.AspNetCore.Mvc.ObjectResult in 38.8147ms.
info: Microsoft.AspNetCore.Mvc.Infrastructure.ObjectResultExecutor[1]
      Executing ObjectResult, writing value of type 'System.String'.
info: Microsoft.AspNetCore.Mvc.Internal.ControllerActionInvoker[2]
      Executed action method SignalR_Vuejs__Demo.Controllers.HomeController.GetDay (SignalR_Vuejs__Demo), returned result Microsoft.AspNetCore.Mvc.ObjectResult in 98.758ms.
info: Microsoft.AspNetCore.Mvc.Internal.ControllerActionInvoker[2]
      Executed action SignalR_Vuejs__Demo.Controllers.HomeController.GetDay (SignalR_Vuejs__Demo) in 133.6406ms
info: Microsoft.AspNetCore.Mvc.Infrastructure.ObjectResultExecutor[1]
      Executing ObjectResult, writing value of type 'System.String'.
info: Microsoft.AspNetCore.Hosting.Internal.WebHost[2]
      Request finished in 177.4377ms 200 text/plain; charset=utf-8
info: Microsoft.AspNetCore.Mvc.Internal.ControllerActionInvoker[2]
      Executed action SignalR_Vuejs__Demo.Controllers.HomeController.GetDay (SignalR_Vuejs__Demo) in 162.7043ms
info: Microsoft.AspNetCore.Hosting.Internal.WebHost[1]
      Request starting HTTP/1.1 GET http://localhost/GetDay?date=08.02.2020  
info: Microsoft.AspNetCore.Hosting.Internal.WebHost[2]
      Request finished in 204.1555ms 200 text/plain; charset=utf-8
info: Microsoft.AspNetCore.Mvc.Internal.ControllerActionInvoker[3]
      Route matched with {action = "GetDay", controller = "Home"}. Executing controller action with signature System.String GetDay(System.String) on controller SignalR_Vuejs__Demo.Controllers.HomeController (SignalR_Vuejs__Demo).
info: Microsoft.AspNetCore.Hosting.Internal.WebHost[1]
      Request starting HTTP/1.1 GET http://localhost/GetDay?date=09.02.2020  
info: Microsoft.AspNetCore.Mvc.Internal.ControllerActionInvoker[1]
      Executing action method SignalR_Vuejs__Demo.Controllers.HomeController.GetDay (SignalR_Vuejs__Demo) - Validation state: Valid
info: Microsoft.AspNetCore.Mvc.Internal.ControllerActionInvoker[3]
      Route matched with {action = "GetDay", controller = "Home"}. Executing controller action with signature System.String GetDay(System.String) on controller SignalR_Vuejs__Demo.Controllers.HomeController (SignalR_Vuejs__Demo).
info: Microsoft.AspNetCore.Mvc.Internal.ControllerActionInvoker[1]
      Executing action method SignalR_Vuejs__Demo.Controllers.HomeController.GetDay (SignalR_Vuejs__Demo) - Validation state: Valid
info: Microsoft.AspNetCore.Mvc.Internal.ControllerActionInvoker[2]
      Executed action method SignalR_Vuejs__Demo.Controllers.HomeController.GetDay (SignalR_Vuejs__Demo), returned result Microsoft.AspNetCore.Mvc.ObjectResult in 6.888ms.
info: Microsoft.AspNetCore.Mvc.Infrastructure.ObjectResultExecutor[1]
      Executing ObjectResult, writing value of type 'System.String'.
info: Microsoft.AspNetCore.Mvc.Internal.ControllerActionInvoker[2]
      Executed action method SignalR_Vuejs__Demo.Controllers.HomeController.GetDay (SignalR_Vuejs__Demo), returned result Microsoft.AspNetCore.Mvc.ObjectResult in 5.2729ms.
info: Microsoft.AspNetCore.Mvc.Internal.ControllerActionInvoker[2]
      Executed action SignalR_Vuejs__Demo.Controllers.HomeController.GetDay (SignalR_Vuejs__Demo) in 19.8595ms
info: Microsoft.AspNetCore.Mvc.Infrastructure.ObjectResultExecutor[1]
      Executing ObjectResult, writing value of type 'System.String'.
info: Microsoft.AspNetCore.Hosting.Internal.WebHost[2]
      Request finished in 42.735ms 200 text/plain; charset=utf-8
info: Microsoft.AspNetCore.Mvc.Internal.ControllerActionInvoker[2]
      Executed action SignalR_Vuejs__Demo.Controllers.HomeController.GetDay (SignalR_Vuejs__Demo) in 17.9721ms
info: Microsoft.AspNetCore.Hosting.Internal.WebHost[1]
      Request starting HTTP/1.1 GET http://localhost/favicon.ico  
info: Microsoft.AspNetCore.Hosting.Internal.WebHost[2]
      Request finished in 30.4985ms 200 text/plain; charset=utf-8
info: Microsoft.AspNetCore.Hosting.Internal.WebHost[2]
      Request finished in 4.0819ms 404 
info: Microsoft.AspNetCore.Hosting.Internal.WebHost[1]
      Request starting HTTP/1.1 GET http://localhost/chatHub?id=89wqH6dT-foMnjSSoDVTuA&_=1580970873474 text/plain;charset=UTF-8 
info: Microsoft.AspNetCore.Mvc.Internal.ControllerActionInvoker[2]
      Executed action method SignalR_Vuejs__Demo.Controllers.HomeController.GetWindows (SignalR_Vuejs__Demo), returned result Microsoft.AspNetCore.Mvc.JsonResult in 1109.8233ms.
info: Microsoft.AspNetCore.Mvc.Formatters.Json.Internal.JsonResultExecutor[1]
      Executing JsonResult, writing value of type 'System.Collections.Generic.List`1[[SignalR_Vuejs__Demo.Models.ParseJson, SignalR_Vuejs__Demo, Version=1.0.0.0, Culture=neutral, PublicKeyToken=null]]'.
info: Microsoft.AspNetCore.Hosting.Internal.WebHost[2]
      Request finished in 90.3497ms 200 application/octet-stream
info: Microsoft.AspNetCore.Hosting.Internal.WebHost[1]
      Request starting HTTP/1.1 GET http://localhost/chatHub?id=89wqH6dT-foMnjSSoDVTuA&_=1580970874651 text/plain;charset=UTF-8 
info: Microsoft.AspNetCore.Hosting.Internal.WebHost[1]
      Request starting HTTP/1.1 POST http://localhost/chatHub?id=89wqH6dT-foMnjSSoDVTuA text/plain;charset=UTF-8 32
info: Microsoft.AspNetCore.Mvc.Internal.ControllerActionInvoker[2]
      Executed action SignalR_Vuejs__Demo.Controllers.HomeController.GetWindows (SignalR_Vuejs__Demo) in 1224.6732ms
info: Microsoft.AspNetCore.Hosting.Internal.WebHost[2]
      Request finished in 19.0684ms 200 text/plain
info: Microsoft.AspNetCore.Hosting.Internal.WebHost[2]
      Request finished in 1281.2531ms 200 application/json; charset=utf-8
info: Microsoft.AspNetCore.SignalR.HubConnectionContext[1]
      Completed connection handshake. Using HubProtocol 'json'.
info: Microsoft.AspNetCore.Hosting.Internal.WebHost[2]
      Request finished in 50.9558ms 200 application/octet-stream
info: Microsoft.AspNetCore.Hosting.Internal.WebHost[1]
      Request starting HTTP/1.1 GET http://localhost/img/info.svg  
info: Microsoft.AspNetCore.Hosting.Internal.WebHost[1]
      Request starting HTTP/1.1 GET http://localhost/chatHub?id=89wqH6dT-foMnjSSoDVTuA&_=1580970874741 text/plain;charset=UTF-8 
info: Microsoft.AspNetCore.StaticFiles.StaticFileMiddleware[2]
      Sending file. Request path: '/img/info.svg'. Physical path: 'D:\Projects\????\wwwroot\img\info.svg'
info: Microsoft.AspNetCore.Hosting.Internal.WebHost[2]
      Request finished in 42.2201ms 200 image/svg+xml
