info: Microsoft.AspNetCore.DataProtection.KeyManagement.XmlKeyManager[0]
      User profile not available. Using 'HKEY_LOCAL_MACHINE\SOFTWARE\Microsoft\ASP.NET\4.0.30319.0\AutoGenKeys\S-1-5-82-3006700770-424185619-1745488364-794895919-4004696415\DataProtection' as key repository and Windows DPAPI to encrypt keys at rest.
Hosting environment: Production
Content root path: D:\Projects\????
Now listening on: http://127.0.0.1:32520
Application started. Press Ctrl+C to shut down.
info: Microsoft.AspNetCore.Hosting.Internal.WebHost[1]
      Request starting HTTP/1.1 DEBUG http://localhost/  0
info: Microsoft.AspNetCore.Hosting.Internal.WebHost[1]
      Request starting HTTP/1.1 GET http://localhost/  
warn: Microsoft.AspNetCore.HttpsPolicy.HttpsRedirectionMiddleware[3]
      Failed to determine the https port for redirect.
info: Microsoft.AspNetCore.Hosting.Internal.WebHost[2]
      Request finished in 50.2246ms 200 
info: Microsoft.AspNetCore.Mvc.Internal.ControllerActionInvoker[3]
      Route matched with {action = "Index", controller = "Home"}. Executing controller action with signature Microsoft.AspNetCore.Mvc.IActionResult Index() on controller SignalR_Vuejs__Demo.Controllers.HomeController (SignalR_Vuejs__Demo).
info: Microsoft.AspNetCore.Mvc.Internal.ControllerActionInvoker[1]
      Executing action method SignalR_Vuejs__Demo.Controllers.HomeController.Index (SignalR_Vuejs__Demo) - Validation state: Valid
info: Microsoft.AspNetCore.Mvc.Internal.ControllerActionInvoker[2]
      Executed action method SignalR_Vuejs__Demo.Controllers.HomeController.Index (SignalR_Vuejs__Demo), returned result Microsoft.AspNetCore.Mvc.ViewResult in 0.8739ms.
info: Microsoft.AspNetCore.Mvc.ViewFeatures.ViewResultExecutor[1]
      Executing ViewResult, running view Index.
info: Microsoft.AspNetCore.Mvc.ViewFeatures.ViewResultExecutor[4]
      Executed ViewResult - view Index executed in 133.0588ms.
info: Microsoft.AspNetCore.Mvc.Internal.ControllerActionInvoker[2]
      Executed action SignalR_Vuejs__Demo.Controllers.HomeController.Index (SignalR_Vuejs__Demo) in 169.6534ms
info: Microsoft.AspNetCore.Hosting.Internal.WebHost[2]
      Request finished in 474.3808ms 200 text/html; charset=utf-8
info: Microsoft.AspNetCore.Hosting.Internal.WebHost[1]
      Request starting HTTP/1.1 GET http://localhost/Scripts/lodash.min.js  
info: Microsoft.AspNetCore.Hosting.Internal.WebHost[1]
      Request starting HTTP/1.1 GET http://localhost/img/Group 6.svg  
info: Microsoft.AspNetCore.Hosting.Internal.WebHost[1]
      Request starting HTTP/1.1 GET http://localhost/Scripts/axios.min.js  
info: Microsoft.AspNetCore.Hosting.Internal.WebHost[1]
      Request starting HTTP/1.1 GET http://localhost/signalr.js  
info: Microsoft.AspNetCore.Hosting.Internal.WebHost[1]
      Request starting HTTP/1.1 GET http://localhost/img/Vector-1.svg  
info: Microsoft.AspNetCore.StaticFiles.StaticFileMiddleware[2]
      Sending file. Request path: '/img/Vector-1.svg'. Physical path: 'D:\Projects\????\wwwroot\img\Vector-1.svg'
info: Microsoft.AspNetCore.Hosting.Internal.WebHost[2]
      Request finished in 17.6806ms 200 image/svg+xml
info: Microsoft.AspNetCore.Hosting.Internal.WebHost[1]
      Request starting HTTP/1.1 GET http://localhost/Styles/StyleSheet.min.css  
info: Microsoft.AspNetCore.StaticFiles.StaticFileMiddleware[2]
      Sending file. Request path: '/Scripts/axios.min.js'. Physical path: 'D:\Projects\????\wwwroot\Scripts\axios.min.js'
info: Microsoft.AspNetCore.StaticFiles.StaticFileMiddleware[2]
      Sending file. Request path: '/Styles/StyleSheet.min.css'. Physical path: 'D:\Projects\????\wwwroot\Styles\StyleSheet.min.css'
info: Microsoft.AspNetCore.StaticFiles.StaticFileMiddleware[2]
      Sending file. Request path: '/img/Group 6.svg'. Physical path: 'D:\Projects\????\wwwroot\img\Group 6.svg'
info: Microsoft.AspNetCore.Hosting.Internal.WebHost[2]
      Request finished in 76.8387ms 200 image/svg+xml
info: Microsoft.AspNetCore.Hosting.Internal.WebHost[2]
      Request finished in 31.7945ms 200 text/css
info: Microsoft.AspNetCore.Hosting.Internal.WebHost[2]
      Request finished in 69.1024ms 200 application/javascript
info: Microsoft.AspNetCore.StaticFiles.StaticFileMiddleware[2]
      Sending file. Request path: '/Scripts/lodash.min.js'. Physical path: 'D:\Projects\????\wwwroot\Scripts\lodash.min.js'
info: Microsoft.AspNetCore.StaticFiles.StaticFileMiddleware[2]
      Sending file. Request path: '/signalr.js'. Physical path: 'D:\Projects\????\wwwroot\signalr.js'
info: Microsoft.AspNetCore.Hosting.Internal.WebHost[2]
      Request finished in 130.1116ms 200 application/javascript
info: Microsoft.AspNetCore.Hosting.Internal.WebHost[1]
      Request starting HTTP/1.1 GET http://localhost/img/Vector.svg  
info: Microsoft.AspNetCore.Hosting.Internal.WebHost[1]
      Request starting HTTP/1.1 GET http://localhost/Scripts/vue.js  
info: Microsoft.AspNetCore.Hosting.Internal.WebHost[2]
      Request finished in 143.2512ms 200 application/javascript
info: Microsoft.AspNetCore.StaticFiles.StaticFileMiddleware[2]
      Sending file. Request path: '/img/Vector.svg'. Physical path: 'D:\Projects\????\wwwroot\img\Vector.svg'
info: Microsoft.AspNetCore.Hosting.Internal.WebHost[2]
      Request finished in 96.0739ms 200 image/svg+xml
info: Microsoft.AspNetCore.StaticFiles.StaticFileMiddleware[2]
      Sending file. Request path: '/Scripts/vue.js'. Physical path: 'D:\Projects\????\wwwroot\Scripts\vue.js'
info: Microsoft.AspNetCore.Hosting.Internal.WebHost[2]
      Request finished in 184.6521ms 200 application/javascript
info: Microsoft.AspNetCore.Hosting.Internal.WebHost[1]
      Request starting HTTP/1.1 GET http://localhost/GetDay?date=04.02.2020  
info: Microsoft.AspNetCore.Hosting.Internal.WebHost[1]
      Request starting HTTP/1.1 GET http://localhost/GetWindows?date=05.02.2020  
info: Microsoft.AspNetCore.Hosting.Internal.WebHost[1]
      Request starting HTTP/1.1 POST http://localhost/chatHub/negotiate text/plain;charset=UTF-8 0
info: Microsoft.AspNetCore.Hosting.Internal.WebHost[1]
      Request starting HTTP/1.1 GET http://localhost/GetDay?date=05.02.2020  
info: Microsoft.AspNetCore.Mvc.Internal.ControllerActionInvoker[3]
      Route matched with {action = "GetDay", controller = "Home"}. Executing controller action with signature System.String GetDay(System.String) on controller SignalR_Vuejs__Demo.Controllers.HomeController (SignalR_Vuejs__Demo).
info: Microsoft.AspNetCore.Mvc.Internal.ControllerActionInvoker[3]
      Route matched with {action = "GetDay", controller = "Home"}. Executing controller action with signature System.String GetDay(System.String) on controller SignalR_Vuejs__Demo.Controllers.HomeController (SignalR_Vuejs__Demo).
info: Microsoft.AspNetCore.Mvc.Internal.ControllerActionInvoker[3]
      Route matched with {action = "GetWindows", controller = "Home"}. Executing controller action with signature Microsoft.AspNetCore.Mvc.JsonResult GetWindows(System.String) on controller SignalR_Vuejs__Demo.Controllers.HomeController (SignalR_Vuejs__Demo).
info: Microsoft.AspNetCore.Mvc.Internal.ControllerActionInvoker[1]
      Executing action method SignalR_Vuejs__Demo.Controllers.HomeController.GetDay (SignalR_Vuejs__Demo) - Validation state: Valid
info: Microsoft.AspNetCore.Mvc.Internal.ControllerActionInvoker[1]
      Executing action method SignalR_Vuejs__Demo.Controllers.HomeController.GetWindows (SignalR_Vuejs__Demo) - Validation state: Valid
info: Microsoft.AspNetCore.Mvc.Internal.ControllerActionInvoker[1]
      Executing action method SignalR_Vuejs__Demo.Controllers.HomeController.GetDay (SignalR_Vuejs__Demo) - Validation state: Valid
info: Microsoft.AspNetCore.Hosting.Internal.WebHost[2]
      Request finished in 256.5152ms 200 application/json
info: Microsoft.AspNetCore.Hosting.Internal.WebHost[1]
      Request starting HTTP/1.1 GET http://localhost/GetDay?date=03.02.2020  
info: Microsoft.AspNetCore.Mvc.Internal.ControllerActionInvoker[3]
      Route matched with {action = "GetDay", controller = "Home"}. Executing controller action with signature System.String GetDay(System.String) on controller SignalR_Vuejs__Demo.Controllers.HomeController (SignalR_Vuejs__Demo).
info: Microsoft.AspNetCore.Mvc.Internal.ControllerActionInvoker[1]
      Executing action method SignalR_Vuejs__Demo.Controllers.HomeController.GetDay (SignalR_Vuejs__Demo) - Validation state: Valid
info: Microsoft.AspNetCore.Mvc.Internal.ControllerActionInvoker[2]
      Executed action method SignalR_Vuejs__Demo.Controllers.HomeController.GetDay (SignalR_Vuejs__Demo), returned result Microsoft.AspNetCore.Mvc.ObjectResult in 786.9216ms.
info: Microsoft.AspNetCore.Mvc.Internal.ControllerActionInvoker[2]
      Executed action method SignalR_Vuejs__Demo.Controllers.HomeController.GetDay (SignalR_Vuejs__Demo), returned result Microsoft.AspNetCore.Mvc.ObjectResult in 607.4985ms.
info: Microsoft.AspNetCore.Mvc.Internal.ControllerActionInvoker[2]
      Executed action method SignalR_Vuejs__Demo.Controllers.HomeController.GetDay (SignalR_Vuejs__Demo), returned result Microsoft.AspNetCore.Mvc.ObjectResult in 793.5129ms.
info: Microsoft.AspNetCore.Mvc.Infrastructure.ObjectResultExecutor[1]
      Executing ObjectResult, writing value of type 'System.String'.
info: Microsoft.AspNetCore.Mvc.Infrastructure.ObjectResultExecutor[1]
      Executing ObjectResult, writing value of type 'System.String'.
info: Microsoft.AspNetCore.Mvc.Infrastructure.ObjectResultExecutor[1]
      Executing ObjectResult, writing value of type 'System.String'.
info: Microsoft.AspNetCore.Mvc.Internal.ControllerActionInvoker[2]
      Executed action SignalR_Vuejs__Demo.Controllers.HomeController.GetDay (SignalR_Vuejs__Demo) in 852.1027ms
info: Microsoft.AspNetCore.Mvc.Internal.ControllerActionInvoker[2]
      Executed action SignalR_Vuejs__Demo.Controllers.HomeController.GetDay (SignalR_Vuejs__Demo) in 856.471ms
info: Microsoft.AspNetCore.Mvc.Internal.ControllerActionInvoker[2]
      Executed action SignalR_Vuejs__Demo.Controllers.HomeController.GetDay (SignalR_Vuejs__Demo) in 631.2208ms
info: Microsoft.AspNetCore.Hosting.Internal.WebHost[2]
      Request finished in 905.8636ms 200 text/plain; charset=utf-8
info: Microsoft.AspNetCore.Hosting.Internal.WebHost[2]
      Request finished in 928.2707ms 200 text/plain; charset=utf-8
info: Microsoft.AspNetCore.Hosting.Internal.WebHost[2]
      Request finished in 657.4969ms 200 text/plain; charset=utf-8
info: Microsoft.AspNetCore.Hosting.Internal.WebHost[1]
      Request starting HTTP/1.1 GET http://localhost/GetDay?date=06.02.2020  
info: Microsoft.AspNetCore.Mvc.Internal.ControllerActionInvoker[3]
      Route matched with {action = "GetDay", controller = "Home"}. Executing controller action with signature System.String GetDay(System.String) on controller SignalR_Vuejs__Demo.Controllers.HomeController (SignalR_Vuejs__Demo).
info: Microsoft.AspNetCore.Mvc.Internal.ControllerActionInvoker[1]
      Executing action method SignalR_Vuejs__Demo.Controllers.HomeController.GetDay (SignalR_Vuejs__Demo) - Validation state: Valid
info: Microsoft.AspNetCore.Hosting.Internal.WebHost[1]
      Request starting HTTP/1.1 GET http://localhost/GetDay?date=07.02.2020  
info: Microsoft.AspNetCore.Mvc.Internal.ControllerActionInvoker[3]
      Route matched with {action = "GetDay", controller = "Home"}. Executing controller action with signature System.String GetDay(System.String) on controller SignalR_Vuejs__Demo.Controllers.HomeController (SignalR_Vuejs__Demo).
info: Microsoft.AspNetCore.Mvc.Internal.ControllerActionInvoker[1]
      Executing action method SignalR_Vuejs__Demo.Controllers.HomeController.GetDay (SignalR_Vuejs__Demo) - Validation state: Valid
info: Microsoft.AspNetCore.Hosting.Internal.WebHost[1]
      Request starting HTTP/1.1 GET http://localhost/GetDay?date=09.02.2020  
info: Microsoft.AspNetCore.Mvc.Internal.ControllerActionInvoker[2]
      Executed action method SignalR_Vuejs__Demo.Controllers.HomeController.GetDay (SignalR_Vuejs__Demo), returned result Microsoft.AspNetCore.Mvc.ObjectResult in 82.5571ms.
info: Microsoft.AspNetCore.Mvc.Internal.ControllerActionInvoker[3]
      Route matched with {action = "GetDay", controller = "Home"}. Executing controller action with signature System.String GetDay(System.String) on controller SignalR_Vuejs__Demo.Controllers.HomeController (SignalR_Vuejs__Demo).
info: Microsoft.AspNetCore.Mvc.Internal.ControllerActionInvoker[2]
      Executed action method SignalR_Vuejs__Demo.Controllers.HomeController.GetDay (SignalR_Vuejs__Demo), returned result Microsoft.AspNetCore.Mvc.ObjectResult in 28.5836ms.
info: Microsoft.AspNetCore.Mvc.Infrastructure.ObjectResultExecutor[1]
      Executing ObjectResult, writing value of type 'System.String'.
info: Microsoft.AspNetCore.Mvc.Internal.ControllerActionInvoker[1]
      Executing action method SignalR_Vuejs__Demo.Controllers.HomeController.GetDay (SignalR_Vuejs__Demo) - Validation state: Valid
info: Microsoft.AspNetCore.Mvc.Infrastructure.ObjectResultExecutor[1]
      Executing ObjectResult, writing value of type 'System.String'.
info: Microsoft.AspNetCore.Mvc.Internal.ControllerActionInvoker[2]
      Executed action SignalR_Vuejs__Demo.Controllers.HomeController.GetDay (SignalR_Vuejs__Demo) in 122.984ms
info: Microsoft.AspNetCore.Mvc.Internal.ControllerActionInvoker[2]
      Executed action SignalR_Vuejs__Demo.Controllers.HomeController.GetDay (SignalR_Vuejs__Demo) in 62.1836ms
info: Microsoft.AspNetCore.Hosting.Internal.WebHost[2]
      Request finished in 162.032ms 200 text/plain; charset=utf-8
info: Microsoft.AspNetCore.Hosting.Internal.WebHost[2]
      Request finished in 119.2707ms 200 text/plain; charset=utf-8
info: Microsoft.AspNetCore.Hosting.Internal.WebHost[1]
      Request starting HTTP/1.1 GET http://localhost/GetDay?date=08.02.2020  
info: Microsoft.AspNetCore.Hosting.Internal.WebHost[1]
      Request starting HTTP/1.1 GET http://localhost/favicon.ico  
info: Microsoft.AspNetCore.Hosting.Internal.WebHost[2]
      Request finished in 4.2342ms 404 
info: Microsoft.AspNetCore.Mvc.Internal.ControllerActionInvoker[3]
      Route matched with {action = "GetDay", controller = "Home"}. Executing controller action with signature System.String GetDay(System.String) on controller SignalR_Vuejs__Demo.Controllers.HomeController (SignalR_Vuejs__Demo).
info: Microsoft.AspNetCore.Mvc.Internal.ControllerActionInvoker[2]
      Executed action method SignalR_Vuejs__Demo.Controllers.HomeController.GetDay (SignalR_Vuejs__Demo), returned result Microsoft.AspNetCore.Mvc.ObjectResult in 7.9302ms.
info: Microsoft.AspNetCore.Mvc.Internal.ControllerActionInvoker[1]
      Executing action method SignalR_Vuejs__Demo.Controllers.HomeController.GetDay (SignalR_Vuejs__Demo) - Validation state: Valid
info: Microsoft.AspNetCore.Mvc.Infrastructure.ObjectResultExecutor[1]
      Executing ObjectResult, writing value of type 'System.String'.
info: Microsoft.AspNetCore.Mvc.Internal.ControllerActionInvoker[2]
      Executed action method SignalR_Vuejs__Demo.Controllers.HomeController.GetDay (SignalR_Vuejs__Demo), returned result Microsoft.AspNetCore.Mvc.ObjectResult in 4.9443ms.
info: Microsoft.AspNetCore.Mvc.Internal.ControllerActionInvoker[2]
      Executed action SignalR_Vuejs__Demo.Controllers.HomeController.GetDay (SignalR_Vuejs__Demo) in 51.4752ms
info: Microsoft.AspNetCore.Hosting.Internal.WebHost[1]
      Request starting HTTP/1.1 GET http://localhost/chatHub?id=USPlfDcbQUXI_8vXnz0zGQ&_=1580893935754 text/plain;charset=UTF-8 
info: Microsoft.AspNetCore.Mvc.Infrastructure.ObjectResultExecutor[1]
      Executing ObjectResult, writing value of type 'System.String'.
info: Microsoft.AspNetCore.Mvc.Internal.ControllerActionInvoker[2]
      Executed action SignalR_Vuejs__Demo.Controllers.HomeController.GetDay (SignalR_Vuejs__Demo) in 32.5443ms
info: Microsoft.AspNetCore.Hosting.Internal.WebHost[2]
      Request finished in 97.6451ms 200 text/plain; charset=utf-8
info: Microsoft.AspNetCore.Hosting.Internal.WebHost[2]
      Request finished in 63.7238ms 200 text/plain; charset=utf-8
info: Microsoft.AspNetCore.Hosting.Internal.WebHost[2]
      Request finished in 57.6761ms 200 application/octet-stream
info: Microsoft.AspNetCore.Hosting.Internal.WebHost[1]
      Request starting HTTP/1.1 POST http://localhost/chatHub?id=USPlfDcbQUXI_8vXnz0zGQ text/plain;charset=UTF-8 32
info: Microsoft.AspNetCore.Hosting.Internal.WebHost[1]
      Request starting HTTP/1.1 GET http://localhost/chatHub?id=USPlfDcbQUXI_8vXnz0zGQ&_=1580893936690 text/plain;charset=UTF-8 
info: Microsoft.AspNetCore.Hosting.Internal.WebHost[2]
      Request finished in 21.6512ms 200 text/plain
info: Microsoft.AspNetCore.SignalR.HubConnectionContext[1]
      Completed connection handshake. Using HubProtocol 'json'.
info: Microsoft.AspNetCore.Hosting.Internal.WebHost[2]
      Request finished in 49.9689ms 200 application/octet-stream
info: Microsoft.AspNetCore.Hosting.Internal.WebHost[1]
      Request starting HTTP/1.1 GET http://localhost/chatHub?id=USPlfDcbQUXI_8vXnz0zGQ&_=1580893936748 text/plain;charset=UTF-8 
info: Microsoft.AspNetCore.Mvc.Internal.ControllerActionInvoker[2]
      Executed action method SignalR_Vuejs__Demo.Controllers.HomeController.GetWindows (SignalR_Vuejs__Demo), returned result Microsoft.AspNetCore.Mvc.JsonResult in 1092.1052ms.
info: Microsoft.AspNetCore.Mvc.Formatters.Json.Internal.JsonResultExecutor[1]
      Executing JsonResult, writing value of type 'System.Collections.Generic.List`1[[SignalR_Vuejs__Demo.Models.ParseJson, SignalR_Vuejs__Demo, Version=1.0.0.0, Culture=neutral, PublicKeyToken=null]]'.
info: Microsoft.AspNetCore.Mvc.Internal.ControllerActionInvoker[2]
      Executed action SignalR_Vuejs__Demo.Controllers.HomeController.GetWindows (SignalR_Vuejs__Demo) in 1329.886ms
info: Microsoft.AspNetCore.Hosting.Internal.WebHost[2]
      Request finished in 1388.9187ms 200 application/json; charset=utf-8
info: Microsoft.AspNetCore.Hosting.Internal.WebHost[1]
      Request starting HTTP/1.1 GET http://localhost/Scripts/axios.min.map  
info: Microsoft.AspNetCore.Hosting.Internal.WebHost[1]
      Request starting HTTP/1.1 GET http://localhost/signalr.js.map  
info: Microsoft.AspNetCore.Hosting.Internal.WebHost[2]
      Request finished in 10.4486ms 404 
info: Microsoft.AspNetCore.Hosting.Internal.WebHost[2]
      Request finished in 6.2838ms 404 
info: Microsoft.AspNetCore.Hosting.Internal.WebHost[1]
      Request starting HTTP/1.1 POST http://localhost/chatHub?id=USPlfDcbQUXI_8vXnz0zGQ text/plain;charset=UTF-8 108
info: Microsoft.AspNetCore.Hosting.Internal.WebHost[2]
      Request finished in 11.0448ms 200 text/plain
fail: Microsoft.AspNetCore.SignalR.Internal.DefaultHubDispatcher[8]
      Failed to invoke hub method 'SendMessage'.
System.IO.InvalidDataException: Invocation provides 5 argument(s) but target expects 6.
   at Microsoft.AspNetCore.SignalR.Protocol.JsonHubProtocol.BindArguments(JArray args, IReadOnlyList`1 paramTypes)
   at Microsoft.AspNetCore.SignalR.Protocol.JsonHubProtocol.ParseMessage(Utf8BufferTextReader textReader, IInvocationBinder binder)
info: Microsoft.AspNetCore.Hosting.Internal.WebHost[2]
      Request finished in 33751.8326ms 200 application/octet-stream
info: Microsoft.AspNetCore.Hosting.Internal.WebHost[1]
      Request starting HTTP/1.1 GET http://localhost/chatHub?id=USPlfDcbQUXI_8vXnz0zGQ&_=1580893970528 text/plain;charset=UTF-8 
info: Microsoft.AspNetCore.Hosting.Internal.WebHost[1]
      Request starting HTTP/1.1 GET http://localhost/  
info: Microsoft.AspNetCore.Mvc.Internal.ControllerActionInvoker[3]
      Route matched with {action = "Index", controller = "Home"}. Executing controller action with signature Microsoft.AspNetCore.Mvc.IActionResult Index() on controller SignalR_Vuejs__Demo.Controllers.HomeController (SignalR_Vuejs__Demo).
info: Microsoft.AspNetCore.Mvc.Internal.ControllerActionInvoker[1]
      Executing action method SignalR_Vuejs__Demo.Controllers.HomeController.Index (SignalR_Vuejs__Demo) - Validation state: Valid
info: Microsoft.AspNetCore.Mvc.Internal.ControllerActionInvoker[2]
      Executed action method SignalR_Vuejs__Demo.Controllers.HomeController.Index (SignalR_Vuejs__Demo), returned result Microsoft.AspNetCore.Mvc.ViewResult in 0.1161ms.
info: Microsoft.AspNetCore.Mvc.ViewFeatures.ViewResultExecutor[1]
      Executing ViewResult, running view Index.
info: Microsoft.AspNetCore.Mvc.ViewFeatures.ViewResultExecutor[4]
      Executed ViewResult - view Index executed in 2009.0083ms.
info: Microsoft.AspNetCore.Mvc.Internal.ControllerActionInvoker[2]
      Executed action SignalR_Vuejs__Demo.Controllers.HomeController.Index (SignalR_Vuejs__Demo) in 2016.542ms
info: Microsoft.AspNetCore.Hosting.Internal.WebHost[2]
      Request finished in 2029.2819ms 200 text/html; charset=utf-8
info: Microsoft.AspNetCore.Hosting.Internal.WebHost[1]
      Request starting HTTP/1.1 GET http://localhost/img/Vector-1.svg  
info: Microsoft.AspNetCore.Hosting.Internal.WebHost[1]
      Request starting HTTP/1.1 GET http://localhost/Scripts/lodash.min.js  
info: Microsoft.AspNetCore.Hosting.Internal.WebHost[1]
      Request starting HTTP/1.1 GET http://localhost/signalr.js  
info: Microsoft.AspNetCore.Hosting.Internal.WebHost[1]
      Request starting HTTP/1.1 GET http://localhost/img/Group 6.svg  
info: Microsoft.AspNetCore.StaticFiles.StaticFileMiddleware[2]
      Sending file. Request path: '/img/Vector-1.svg'. Physical path: 'D:\Projects\????\wwwroot\img\Vector-1.svg'
info: Microsoft.AspNetCore.StaticFiles.StaticFileMiddleware[2]
      Sending file. Request path: '/img/Group 6.svg'. Physical path: 'D:\Projects\????\wwwroot\img\Group 6.svg'
info: Microsoft.AspNetCore.Hosting.Internal.WebHost[2]
      Request finished in 23.8352ms 200 image/svg+xml
info: Microsoft.AspNetCore.Hosting.Internal.WebHost[1]
      Request starting HTTP/1.1 GET http://localhost/Scripts/axios.min.js  
info: Microsoft.AspNetCore.Hosting.Internal.WebHost[1]
      Request starting HTTP/1.1 GET http://localhost/Styles/StyleSheet.min.css  
info: Microsoft.AspNetCore.Hosting.Internal.WebHost[2]
      Request finished in 31.9635ms 200 image/svg+xml
info: Microsoft.AspNetCore.StaticFiles.StaticFileMiddleware[2]
      Sending file. Request path: '/Scripts/lodash.min.js'. Physical path: 'D:\Projects\????\wwwroot\Scripts\lodash.min.js'
info: Microsoft.AspNetCore.StaticFiles.StaticFileMiddleware[2]
      Sending file. Request path: '/Styles/StyleSheet.min.css'. Physical path: 'D:\Projects\????\wwwroot\Styles\StyleSheet.min.css'
info: Microsoft.AspNetCore.Hosting.Internal.WebHost[1]
      Request starting HTTP/1.1 GET http://localhost/Scripts/vue.js  
info: Microsoft.AspNetCore.Hosting.Internal.WebHost[2]
      Request finished in 70.9539ms 200 application/javascript
info: Microsoft.AspNetCore.StaticFiles.StaticFileMiddleware[2]
      Sending file. Request path: '/Scripts/axios.min.js'. Physical path: 'D:\Projects\????\wwwroot\Scripts\axios.min.js'
info: Microsoft.AspNetCore.Hosting.Internal.WebHost[2]
      Request finished in 55.152ms 200 text/css
info: Microsoft.AspNetCore.Hosting.Internal.WebHost[1]
      Request starting HTTP/1.1 GET http://localhost/img/Vector.svg  
info: Microsoft.AspNetCore.Hosting.Internal.WebHost[2]
      Request finished in 75.904ms 200 application/javascript
info: Microsoft.AspNetCore.StaticFiles.StaticFileMiddleware[2]
      Sending file. Request path: '/img/Vector.svg'. Physical path: 'D:\Projects\????\wwwroot\img\Vector.svg'
info: Microsoft.AspNetCore.StaticFiles.StaticFileMiddleware[2]
      Sending file. Request path: '/signalr.js'. Physical path: 'D:\Projects\????\wwwroot\signalr.js'
info: Microsoft.AspNetCore.Hosting.Internal.WebHost[2]
      Request finished in 52.8441ms 200 image/svg+xml
info: Microsoft.AspNetCore.Hosting.Internal.WebHost[2]
      Request finished in 250.4035ms 200 application/javascript
info: Microsoft.AspNetCore.StaticFiles.StaticFileMiddleware[2]
      Sending file. Request path: '/Scripts/vue.js'. Physical path: 'D:\Projects\????\wwwroot\Scripts\vue.js'
info: Microsoft.AspNetCore.Hosting.Internal.WebHost[2]
      Request finished in 200.6236ms 200 application/javascript
info: Microsoft.AspNetCore.Hosting.Internal.WebHost[1]
      Request starting HTTP/1.1 GET http://localhost/Scripts/axios.min.map  
info: Microsoft.AspNetCore.Hosting.Internal.WebHost[1]
      Request starting HTTP/1.1 GET http://localhost/signalr.js.map  
info: Microsoft.AspNetCore.Hosting.Internal.WebHost[2]
      Request finished in 11.4115ms 404 
info: Microsoft.AspNetCore.Hosting.Internal.WebHost[2]
      Request finished in 110.5376ms 404 
info: Microsoft.AspNetCore.Hosting.Internal.WebHost[1]
      Request starting HTTP/1.1 GET http://localhost/GetDay?date=04.02.2020  
info: Microsoft.AspNetCore.Hosting.Internal.WebHost[1]
      Request starting HTTP/1.1 GET http://localhost/GetWindows?date=05.02.2020  
info: Microsoft.AspNetCore.Hosting.Internal.WebHost[1]
      Request starting HTTP/1.1 GET http://localhost/GetDay?date=03.02.2020  
info: Microsoft.AspNetCore.Hosting.Internal.WebHost[1]
      Request starting HTTP/1.1 POST http://localhost/chatHub/negotiate text/plain;charset=UTF-8 0
info: Microsoft.AspNetCore.Mvc.Internal.ControllerActionInvoker[3]
      Route matched with {action = "GetDay", controller = "Home"}. Executing controller action with signature System.String GetDay(System.String) on controller SignalR_Vuejs__Demo.Controllers.HomeController (SignalR_Vuejs__Demo).
info: Microsoft.AspNetCore.Hosting.Internal.WebHost[1]
      Request starting HTTP/1.1 GET http://localhost/GetDay?date=05.02.2020  
info: Microsoft.AspNetCore.Mvc.Internal.ControllerActionInvoker[3]
      Route matched with {action = "GetWindows", controller = "Home"}. Executing controller action with signature Microsoft.AspNetCore.Mvc.JsonResult GetWindows(System.String) on controller SignalR_Vuejs__Demo.Controllers.HomeController (SignalR_Vuejs__Demo).
info: Microsoft.AspNetCore.Mvc.Internal.ControllerActionInvoker[1]
      Executing action method SignalR_Vuejs__Demo.Controllers.HomeController.GetDay (SignalR_Vuejs__Demo) - Validation state: Valid
info: Microsoft.AspNetCore.Mvc.Internal.ControllerActionInvoker[1]
      Executing action method SignalR_Vuejs__Demo.Controllers.HomeController.GetWindows (SignalR_Vuejs__Demo) - Validation state: Valid
info: Microsoft.AspNetCore.Hosting.Internal.WebHost[2]
      Request finished in 59.7526ms 200 application/json
info: Microsoft.AspNetCore.Mvc.Internal.ControllerActionInvoker[3]
      Route matched with {action = "GetDay", controller = "Home"}. Executing controller action with signature System.String GetDay(System.String) on controller SignalR_Vuejs__Demo.Controllers.HomeController (SignalR_Vuejs__Demo).
info: Microsoft.AspNetCore.Mvc.Internal.ControllerActionInvoker[2]
      Executed action method SignalR_Vuejs__Demo.Controllers.HomeController.GetDay (SignalR_Vuejs__Demo), returned result Microsoft.AspNetCore.Mvc.ObjectResult in 51.6099ms.
info: Microsoft.AspNetCore.Mvc.Internal.ControllerActionInvoker[1]
      Executing action method SignalR_Vuejs__Demo.Controllers.HomeController.GetDay (SignalR_Vuejs__Demo) - Validation state: Valid
info: Microsoft.AspNetCore.Hosting.Internal.WebHost[1]
      Request starting HTTP/1.1 GET http://localhost/GetDay?date=07.02.2020  
info: Microsoft.AspNetCore.Mvc.Infrastructure.ObjectResultExecutor[1]
      Executing ObjectResult, writing value of type 'System.String'.
info: Microsoft.AspNetCore.Mvc.Internal.ControllerActionInvoker[3]
      Route matched with {action = "GetDay", controller = "Home"}. Executing controller action with signature System.String GetDay(System.String) on controller SignalR_Vuejs__Demo.Controllers.HomeController (SignalR_Vuejs__Demo).
info: Microsoft.AspNetCore.Mvc.Internal.ControllerActionInvoker[2]
      Executed action SignalR_Vuejs__Demo.Controllers.HomeController.GetDay (SignalR_Vuejs__Demo) in 92.5078ms
info: Microsoft.AspNetCore.Hosting.Internal.WebHost[2]
      Request finished in 154.0172ms 200 text/plain; charset=utf-8
info: Microsoft.AspNetCore.Mvc.Internal.ControllerActionInvoker[1]
      Executing action method SignalR_Vuejs__Demo.Controllers.HomeController.GetDay (SignalR_Vuejs__Demo) - Validation state: Valid
info: Microsoft.AspNetCore.Hosting.Internal.WebHost[1]
      Request starting HTTP/1.1 GET http://localhost/GetDay?date=06.02.2020  
info: Microsoft.AspNetCore.Mvc.Internal.ControllerActionInvoker[2]
      Executed action method SignalR_Vuejs__Demo.Controllers.HomeController.GetDay (SignalR_Vuejs__Demo), returned result Microsoft.AspNetCore.Mvc.ObjectResult in 52.6028ms.
info: Microsoft.AspNetCore.Hosting.Internal.WebHost[1]
      Request starting HTTP/1.1 GET http://localhost/GetDay?date=08.02.2020  
info: Microsoft.AspNetCore.Mvc.Infrastructure.ObjectResultExecutor[1]
      Executing ObjectResult, writing value of type 'System.String'.
info: Microsoft.AspNetCore.Mvc.Internal.ControllerActionInvoker[3]
      Route matched with {action = "GetDay", controller = "Home"}. Executing controller action with signature System.String GetDay(System.String) on controller SignalR_Vuejs__Demo.Controllers.HomeController (SignalR_Vuejs__Demo).
info: Microsoft.AspNetCore.Mvc.Internal.ControllerActionInvoker[2]
      Executed action SignalR_Vuejs__Demo.Controllers.HomeController.GetDay (SignalR_Vuejs__Demo) in 78.1046ms
info: Microsoft.AspNetCore.Hosting.Internal.WebHost[2]
      Request finished in 165.1817ms 200 text/plain; charset=utf-8
info: Microsoft.AspNetCore.Mvc.Internal.ControllerActionInvoker[1]
      Executing action method SignalR_Vuejs__Demo.Controllers.HomeController.GetDay (SignalR_Vuejs__Demo) - Validation state: Valid
info: Microsoft.AspNetCore.Hosting.Internal.WebHost[1]
      Request starting HTTP/1.1 GET http://localhost/GetDay?date=09.02.2020  
info: Microsoft.AspNetCore.Mvc.Internal.ControllerActionInvoker[3]
      Route matched with {action = "GetDay", controller = "Home"}. Executing controller action with signature System.String GetDay(System.String) on controller SignalR_Vuejs__Demo.Controllers.HomeController (SignalR_Vuejs__Demo).
info: Microsoft.AspNetCore.Mvc.Internal.ControllerActionInvoker[3]
      Route matched with {action = "GetDay", controller = "Home"}. Executing controller action with signature System.String GetDay(System.String) on controller SignalR_Vuejs__Demo.Controllers.HomeController (SignalR_Vuejs__Demo).
info: Microsoft.AspNetCore.Mvc.Internal.ControllerActionInvoker[3]
      Route matched with {action = "GetDay", controller = "Home"}. Executing controller action with signature System.String GetDay(System.String) on controller SignalR_Vuejs__Demo.Controllers.HomeController (SignalR_Vuejs__Demo).
info: Microsoft.AspNetCore.Mvc.Internal.ControllerActionInvoker[2]
      Executed action method SignalR_Vuejs__Demo.Controllers.HomeController.GetDay (SignalR_Vuejs__Demo), returned result Microsoft.AspNetCore.Mvc.ObjectResult in 6.6454ms.
info: Microsoft.AspNetCore.Mvc.Internal.ControllerActionInvoker[1]
      Executing action method SignalR_Vuejs__Demo.Controllers.HomeController.GetDay (SignalR_Vuejs__Demo) - Validation state: Valid
info: Microsoft.AspNetCore.Mvc.Internal.ControllerActionInvoker[1]
      Executing action method SignalR_Vuejs__Demo.Controllers.HomeController.GetDay (SignalR_Vuejs__Demo) - Validation state: Valid
info: Microsoft.AspNetCore.Mvc.Infrastructure.ObjectResultExecutor[1]
      Executing ObjectResult, writing value of type 'System.String'.
info: Microsoft.AspNetCore.Mvc.Internal.ControllerActionInvoker[2]
      Executed action method SignalR_Vuejs__Demo.Controllers.HomeController.GetDay (SignalR_Vuejs__Demo), returned result Microsoft.AspNetCore.Mvc.ObjectResult in 69.2876ms.
info: Microsoft.AspNetCore.Mvc.Internal.ControllerActionInvoker[2]
      Executed action SignalR_Vuejs__Demo.Controllers.HomeController.GetDay (SignalR_Vuejs__Demo) in 57.5142ms
info: Microsoft.AspNetCore.Mvc.Infrastructure.ObjectResultExecutor[1]
      Executing ObjectResult, writing value of type 'System.String'.
info: Microsoft.AspNetCore.Mvc.Internal.ControllerActionInvoker[2]
      Executed action method SignalR_Vuejs__Demo.Controllers.HomeController.GetDay (SignalR_Vuejs__Demo), returned result Microsoft.AspNetCore.Mvc.ObjectResult in 6.2096ms.
info: Microsoft.AspNetCore.Hosting.Internal.WebHost[2]
      Request finished in 72.3027ms 200 text/plain; charset=utf-8
info: Microsoft.AspNetCore.Mvc.Infrastructure.ObjectResultExecutor[1]
      Executing ObjectResult, writing value of type 'System.String'.
info: Microsoft.AspNetCore.Mvc.Internal.ControllerActionInvoker[2]
      Executed action method SignalR_Vuejs__Demo.Controllers.HomeController.GetDay (SignalR_Vuejs__Demo), returned result Microsoft.AspNetCore.Mvc.ObjectResult in 35.7206ms.
info: Microsoft.AspNetCore.Hosting.Internal.WebHost[1]
      Request starting HTTP/1.1 GET http://localhost/favicon.ico  
info: Microsoft.AspNetCore.Mvc.Internal.ControllerActionInvoker[2]
      Executed action SignalR_Vuejs__Demo.Controllers.HomeController.GetDay (SignalR_Vuejs__Demo) in 158.6268ms
info: Microsoft.AspNetCore.Mvc.Internal.ControllerActionInvoker[2]
      Executed action SignalR_Vuejs__Demo.Controllers.HomeController.GetDay (SignalR_Vuejs__Demo) in 64.7632ms
info: Microsoft.AspNetCore.Hosting.Internal.WebHost[2]
      Request finished in 8.7526ms 404 
info: Microsoft.AspNetCore.Hosting.Internal.WebHost[2]
      Request finished in 194.5174ms 200 text/plain; charset=utf-8
info: Microsoft.AspNetCore.Hosting.Internal.WebHost[2]
      Request finished in 110.3177ms 200 text/plain; charset=utf-8
info: Microsoft.AspNetCore.Hosting.Internal.WebHost[1]
      Request starting HTTP/1.1 GET http://localhost/chatHub?id=nfhuaN56C94WrtPHWMWs2w&_=1580894034920 text/plain;charset=UTF-8 
info: Microsoft.AspNetCore.Mvc.Infrastructure.ObjectResultExecutor[1]
      Executing ObjectResult, writing value of type 'System.String'.
info: Microsoft.AspNetCore.Hosting.Internal.WebHost[2]
      Request finished in 12.6435ms 200 application/octet-stream
info: Microsoft.AspNetCore.Mvc.Internal.ControllerActionInvoker[1]
      Executing action method SignalR_Vuejs__Demo.Controllers.HomeController.GetDay (SignalR_Vuejs__Demo) - Validation state: Valid
info: Microsoft.AspNetCore.Mvc.Internal.ControllerActionInvoker[2]
      Executed action SignalR_Vuejs__Demo.Controllers.HomeController.GetDay (SignalR_Vuejs__Demo) in 109.903ms
info: Microsoft.AspNetCore.Hosting.Internal.WebHost[1]
      Request starting HTTP/1.1 POST http://localhost/chatHub?id=nfhuaN56C94WrtPHWMWs2w text/plain;charset=UTF-8 32
info: Microsoft.AspNetCore.Hosting.Internal.WebHost[1]
      Request starting HTTP/1.1 GET http://localhost/chatHub?id=nfhuaN56C94WrtPHWMWs2w&_=1580894035148 text/plain;charset=UTF-8 
info: Microsoft.AspNetCore.Hosting.Internal.WebHost[2]
      Request finished in 187.584ms 200 text/plain; charset=utf-8
info: Microsoft.AspNetCore.Hosting.Internal.WebHost[2]
      Request finished in 43.4316ms 200 text/plain
info: Microsoft.AspNetCore.Mvc.Internal.ControllerActionInvoker[2]
      Executed action method SignalR_Vuejs__Demo.Controllers.HomeController.GetDay (SignalR_Vuejs__Demo), returned result Microsoft.AspNetCore.Mvc.ObjectResult in 40.414ms.
info: Microsoft.AspNetCore.Mvc.Internal.ControllerActionInvoker[2]
      Executed action method SignalR_Vuejs__Demo.Controllers.HomeController.GetWindows (SignalR_Vuejs__Demo), returned result Microsoft.AspNetCore.Mvc.JsonResult in 325.8838ms.
info: Microsoft.AspNetCore.SignalR.HubConnectionContext[1]
      Completed connection handshake. Using HubProtocol 'json'.
info: Microsoft.AspNetCore.Hosting.Internal.WebHost[2]
      Request finished in 50.9696ms 200 application/octet-stream
info: Microsoft.AspNetCore.Mvc.Formatters.Json.Internal.JsonResultExecutor[1]
      Executing JsonResult, writing value of type 'System.Collections.Generic.List`1[[SignalR_Vuejs__Demo.Models.ParseJson, SignalR_Vuejs__Demo, Version=1.0.0.0, Culture=neutral, PublicKeyToken=null]]'.
info: Microsoft.AspNetCore.Mvc.Infrastructure.ObjectResultExecutor[1]
      Executing ObjectResult, writing value of type 'System.String'.
info: Microsoft.AspNetCore.Mvc.Internal.ControllerActionInvoker[2]
      Executed action SignalR_Vuejs__Demo.Controllers.HomeController.GetWindows (SignalR_Vuejs__Demo) in 356.2553ms
info: Microsoft.AspNetCore.Mvc.Internal.ControllerActionInvoker[2]
      Executed action SignalR_Vuejs__Demo.Controllers.HomeController.GetDay (SignalR_Vuejs__Demo) in 77.6918ms
info: Microsoft.AspNetCore.Hosting.Internal.WebHost[1]
      Request starting HTTP/1.1 GET http://localhost/chatHub?id=nfhuaN56C94WrtPHWMWs2w&_=1580894035214 text/plain;charset=UTF-8 
info: Microsoft.AspNetCore.Hosting.Internal.WebHost[2]
      Request finished in 424.8368ms 200 application/json; charset=utf-8
info: Microsoft.AspNetCore.Hosting.Internal.WebHost[2]
      Request finished in 418.4595ms 200 text/plain; charset=utf-8
info: Microsoft.AspNetCore.Hosting.Internal.WebHost[1]
      Request starting HTTP/1.1 POST http://localhost/chatHub?id=nfhuaN56C94WrtPHWMWs2w text/plain;charset=UTF-8 176
info: Microsoft.AspNetCore.Hosting.Internal.WebHost[2]
      Request finished in 5.222ms 200 text/plain
info: Microsoft.AspNetCore.Hosting.Internal.WebHost[2]
      Request finished in 69720.6912ms 200 application/octet-stream
info: Microsoft.AspNetCore.Hosting.Internal.WebHost[2]
      Request finished in 5046.0096ms 200 application/octet-stream
info: Microsoft.AspNetCore.Hosting.Internal.WebHost[1]
      Request starting HTTP/1.1 GET http://localhost/chatHub?id=nfhuaN56C94WrtPHWMWs2w&_=1580894040275 text/plain;charset=UTF-8 
info: Microsoft.AspNetCore.Hosting.Internal.WebHost[1]
      Request starting HTTP/1.1 GET http://localhost/  
info: Microsoft.AspNetCore.Mvc.Internal.ControllerActionInvoker[3]
      Route matched with {action = "Index", controller = "Home"}. Executing controller action with signature Microsoft.AspNetCore.Mvc.IActionResult Index() on controller SignalR_Vuejs__Demo.Controllers.HomeController (SignalR_Vuejs__Demo).
info: Microsoft.AspNetCore.Mvc.Internal.ControllerActionInvoker[1]
      Executing action method SignalR_Vuejs__Demo.Controllers.HomeController.Index (SignalR_Vuejs__Demo) - Validation state: Valid
info: Microsoft.AspNetCore.Mvc.Internal.ControllerActionInvoker[2]
      Executed action method SignalR_Vuejs__Demo.Controllers.HomeController.Index (SignalR_Vuejs__Demo), returned result Microsoft.AspNetCore.Mvc.ViewResult in 0.0156ms.
info: Microsoft.AspNetCore.Mvc.ViewFeatures.ViewResultExecutor[1]
      Executing ViewResult, running view Index.
info: Microsoft.AspNetCore.Mvc.ViewFeatures.ViewResultExecutor[4]
      Executed ViewResult - view Index executed in 1.7763ms.
info: Microsoft.AspNetCore.Mvc.Internal.ControllerActionInvoker[2]
      Executed action SignalR_Vuejs__Demo.Controllers.HomeController.Index (SignalR_Vuejs__Demo) in 6.9174ms
info: Microsoft.AspNetCore.Hosting.Internal.WebHost[2]
      Request finished in 19.8236ms 200 text/html; charset=utf-8
info: Microsoft.AspNetCore.Hosting.Internal.WebHost[1]
      Request starting HTTP/1.1 GET http://localhost/Styles/StyleSheet.min.css  
info: Microsoft.AspNetCore.Hosting.Internal.WebHost[1]
      Request starting HTTP/1.1 GET http://localhost/img/Vector-1.svg  
info: Microsoft.AspNetCore.Hosting.Internal.WebHost[1]
      Request starting HTTP/1.1 GET http://localhost/img/Group 6.svg  
info: Microsoft.AspNetCore.Hosting.Internal.WebHost[1]
      Request starting HTTP/1.1 GET http://localhost/Scripts/lodash.min.js  
info: Microsoft.AspNetCore.Hosting.Internal.WebHost[1]
      Request starting HTTP/1.1 GET http://localhost/Scripts/axios.min.js  
info: Microsoft.AspNetCore.StaticFiles.StaticFileMiddleware[2]
      Sending file. Request path: '/Styles/StyleSheet.min.css'. Physical path: 'D:\Projects\????\wwwroot\Styles\StyleSheet.min.css'
info: Microsoft.AspNetCore.Hosting.Internal.WebHost[1]
      Request starting HTTP/1.1 GET http://localhost/signalr.js  
info: Microsoft.AspNetCore.StaticFiles.StaticFileMiddleware[2]
      Sending file. Request path: '/img/Vector-1.svg'. Physical path: 'D:\Projects\????\wwwroot\img\Vector-1.svg'
info: Microsoft.AspNetCore.StaticFiles.StaticFileMiddleware[2]
      Sending file. Request path: '/img/Group 6.svg'. Physical path: 'D:\Projects\????\wwwroot\img\Group 6.svg'
info: Microsoft.AspNetCore.StaticFiles.StaticFileMiddleware[2]
      Sending file. Request path: '/Scripts/lodash.min.js'. Physical path: 'D:\Projects\????\wwwroot\Scripts\lodash.min.js'
info: Microsoft.AspNetCore.Hosting.Internal.WebHost[2]
      Request finished in 187.3932ms 200 image/svg+xml
info: Microsoft.AspNetCore.Hosting.Internal.WebHost[2]
      Request finished in 159.8812ms 200 application/javascript
info: Microsoft.AspNetCore.Hosting.Internal.WebHost[2]
      Request finished in 172.8233ms 200 image/svg+xml
info: Microsoft.AspNetCore.StaticFiles.StaticFileMiddleware[2]
      Sending file. Request path: '/signalr.js'. Physical path: 'D:\Projects\????\wwwroot\signalr.js'
info: Microsoft.AspNetCore.Hosting.Internal.WebHost[1]
      Request starting HTTP/1.1 GET http://localhost/img/Vector.svg  
info: Microsoft.AspNetCore.Hosting.Internal.WebHost[2]
      Request finished in 306.6899ms 200 text/css
info: Microsoft.AspNetCore.Hosting.Internal.WebHost[1]
      Request starting HTTP/1.1 GET http://localhost/signalr.js.map  
info: Microsoft.AspNetCore.Hosting.Internal.WebHost[1]
      Request starting HTTP/1.1 GET http://localhost/Scripts/vue.js  
info: Microsoft.AspNetCore.StaticFiles.StaticFileMiddleware[2]
      Sending file. Request path: '/img/Vector.svg'. Physical path: 'D:\Projects\????\wwwroot\img\Vector.svg'
info: Microsoft.AspNetCore.Hosting.Internal.WebHost[2]
      Request finished in 52.1555ms 200 image/svg+xml
info: Microsoft.AspNetCore.StaticFiles.StaticFileMiddleware[2]
      Sending file. Request path: '/Scripts/axios.min.js'. Physical path: 'D:\Projects\????\wwwroot\Scripts\axios.min.js'
info: Microsoft.AspNetCore.Hosting.Internal.WebHost[2]
      Request finished in 245.5731ms 200 application/javascript
info: Microsoft.AspNetCore.Hosting.Internal.WebHost[2]
      Request finished in 282.951ms 200 application/javascript
info: Microsoft.AspNetCore.Hosting.Internal.WebHost[1]
      Request starting HTTP/1.1 GET http://localhost/Scripts/axios.min.map  
info: Microsoft.AspNetCore.StaticFiles.StaticFileMiddleware[2]
      Sending file. Request path: '/Scripts/vue.js'. Physical path: 'D:\Projects\????\wwwroot\Scripts\vue.js'
info: Microsoft.AspNetCore.Hosting.Internal.WebHost[2]
      Request finished in 45.0051ms 404 
info: Microsoft.AspNetCore.Hosting.Internal.WebHost[2]
      Request finished in 144.9225ms 200 application/javascript
info: Microsoft.AspNetCore.Hosting.Internal.WebHost[2]
      Request finished in 167.9968ms 404 
info: Microsoft.AspNetCore.Hosting.Internal.WebHost[1]
      Request starting HTTP/1.1 POST http://localhost/chatHub/negotiate text/plain;charset=UTF-8 0
info: Microsoft.AspNetCore.Hosting.Internal.WebHost[1]
      Request starting HTTP/1.1 GET http://localhost/GetDay?date=03.02.2020  
info: Microsoft.AspNetCore.Hosting.Internal.WebHost[1]
      Request starting HTTP/1.1 GET http://localhost/GetWindows?date=05.02.2020  
info: Microsoft.AspNetCore.Hosting.Internal.WebHost[1]
      Request starting HTTP/1.1 GET http://localhost/GetDay?date=04.02.2020  
info: Microsoft.AspNetCore.Hosting.Internal.WebHost[1]
      Request starting HTTP/1.1 GET http://localhost/GetDay?date=06.02.2020  
info: Microsoft.AspNetCore.Hosting.Internal.WebHost[1]
      Request starting HTTP/1.1 GET http://localhost/GetDay?date=05.02.2020  
info: Microsoft.AspNetCore.Hosting.Internal.WebHost[2]
      Request finished in 57.8441ms 200 application/json
info: Microsoft.AspNetCore.Mvc.Internal.ControllerActionInvoker[3]
      Route matched with {action = "GetDay", controller = "Home"}. Executing controller action with signature System.String GetDay(System.String) on controller SignalR_Vuejs__Demo.Controllers.HomeController (SignalR_Vuejs__Demo).
info: Microsoft.AspNetCore.Mvc.Internal.ControllerActionInvoker[3]
      Route matched with {action = "GetDay", controller = "Home"}. Executing controller action with signature System.String GetDay(System.String) on controller SignalR_Vuejs__Demo.Controllers.HomeController (SignalR_Vuejs__Demo).
info: Microsoft.AspNetCore.Mvc.Internal.ControllerActionInvoker[1]
      Executing action method SignalR_Vuejs__Demo.Controllers.HomeController.GetDay (SignalR_Vuejs__Demo) - Validation state: Valid
info: Microsoft.AspNetCore.Mvc.Internal.ControllerActionInvoker[1]
      Executing action method SignalR_Vuejs__Demo.Controllers.HomeController.GetDay (SignalR_Vuejs__Demo) - Validation state: Valid
info: Microsoft.AspNetCore.Mvc.Internal.ControllerActionInvoker[3]
      Route matched with {action = "GetDay", controller = "Home"}. Executing controller action with signature System.String GetDay(System.String) on controller SignalR_Vuejs__Demo.Controllers.HomeController (SignalR_Vuejs__Demo).
info: Microsoft.AspNetCore.Mvc.Internal.ControllerActionInvoker[3]
      Route matched with {action = "GetDay", controller = "Home"}. Executing controller action with signature System.String GetDay(System.String) on controller SignalR_Vuejs__Demo.Controllers.HomeController (SignalR_Vuejs__Demo).
info: Microsoft.AspNetCore.Mvc.Internal.ControllerActionInvoker[1]
      Executing action method SignalR_Vuejs__Demo.Controllers.HomeController.GetDay (SignalR_Vuejs__Demo) - Validation state: Valid
info: Microsoft.AspNetCore.Mvc.Internal.ControllerActionInvoker[2]
      Executed action method SignalR_Vuejs__Demo.Controllers.HomeController.GetDay (SignalR_Vuejs__Demo), returned result Microsoft.AspNetCore.Mvc.ObjectResult in 65.1068ms.
info: Microsoft.AspNetCore.Mvc.Internal.ControllerActionInvoker[2]
      Executed action method SignalR_Vuejs__Demo.Controllers.HomeController.GetDay (SignalR_Vuejs__Demo), returned result Microsoft.AspNetCore.Mvc.ObjectResult in 63.7139ms.
info: Microsoft.AspNetCore.Mvc.Internal.ControllerActionInvoker[1]
      Executing action method SignalR_Vuejs__Demo.Controllers.HomeController.GetDay (SignalR_Vuejs__Demo) - Validation state: Valid
info: Microsoft.AspNetCore.Mvc.Infrastructure.ObjectResultExecutor[1]
      Executing ObjectResult, writing value of type 'System.String'.
info: Microsoft.AspNetCore.Mvc.Infrastructure.ObjectResultExecutor[1]
      Executing ObjectResult, writing value of type 'System.String'.
info: Microsoft.AspNetCore.Mvc.Internal.ControllerActionInvoker[2]
      Executed action SignalR_Vuejs__Demo.Controllers.HomeController.GetDay (SignalR_Vuejs__Demo) in 78.5987ms
info: Microsoft.AspNetCore.Mvc.Internal.ControllerActionInvoker[2]
      Executed action SignalR_Vuejs__Demo.Controllers.HomeController.GetDay (SignalR_Vuejs__Demo) in 92.7596ms
info: Microsoft.AspNetCore.Hosting.Internal.WebHost[2]
      Request finished in 176.1904ms 200 text/plain; charset=utf-8
info: Microsoft.AspNetCore.Mvc.Internal.ControllerActionInvoker[2]
      Executed action method SignalR_Vuejs__Demo.Controllers.HomeController.GetDay (SignalR_Vuejs__Demo), returned result Microsoft.AspNetCore.Mvc.ObjectResult in 45.703ms.
info: Microsoft.AspNetCore.Hosting.Internal.WebHost[2]
      Request finished in 176.3222ms 200 text/plain; charset=utf-8
info: Microsoft.AspNetCore.Hosting.Internal.WebHost[1]
      Request starting HTTP/1.1 GET http://localhost/GetDay?date=08.02.2020  
info: Microsoft.AspNetCore.Hosting.Internal.WebHost[1]
      Request starting HTTP/1.1 GET http://localhost/GetDay?date=09.02.2020  
info: Microsoft.AspNetCore.Mvc.Internal.ControllerActionInvoker[3]
      Route matched with {action = "GetDay", controller = "Home"}. Executing controller action with signature System.String GetDay(System.String) on controller SignalR_Vuejs__Demo.Controllers.HomeController (SignalR_Vuejs__Demo).
info: Microsoft.AspNetCore.Mvc.Internal.ControllerActionInvoker[3]
      Route matched with {action = "GetDay", controller = "Home"}. Executing controller action with signature System.String GetDay(System.String) on controller SignalR_Vuejs__Demo.Controllers.HomeController (SignalR_Vuejs__Demo).
info: Microsoft.AspNetCore.Mvc.Internal.ControllerActionInvoker[1]
      Executing action method SignalR_Vuejs__Demo.Controllers.HomeController.GetDay (SignalR_Vuejs__Demo) - Validation state: Valid
info: Microsoft.AspNetCore.Mvc.Infrastructure.ObjectResultExecutor[1]
      Executing ObjectResult, writing value of type 'System.String'.
info: Microsoft.AspNetCore.Mvc.Internal.ControllerActionInvoker[1]
      Executing action method SignalR_Vuejs__Demo.Controllers.HomeController.GetDay (SignalR_Vuejs__Demo) - Validation state: Valid
info: Microsoft.AspNetCore.Mvc.Internal.ControllerActionInvoker[2]
      Executed action SignalR_Vuejs__Demo.Controllers.HomeController.GetDay (SignalR_Vuejs__Demo) in 92.7104ms
info: Microsoft.AspNetCore.Mvc.Internal.ControllerActionInvoker[2]
      Executed action method SignalR_Vuejs__Demo.Controllers.HomeController.GetDay (SignalR_Vuejs__Demo), returned result Microsoft.AspNetCore.Mvc.ObjectResult in 27.1142ms.
info: Microsoft.AspNetCore.Mvc.Internal.ControllerActionInvoker[2]
      Executed action method SignalR_Vuejs__Demo.Controllers.HomeController.GetDay (SignalR_Vuejs__Demo), returned result Microsoft.AspNetCore.Mvc.ObjectResult in 26.4771ms.
info: Microsoft.AspNetCore.Hosting.Internal.WebHost[2]
      Request finished in 229.6608ms 200 text/plain; charset=utf-8
info: Microsoft.AspNetCore.Mvc.Infrastructure.ObjectResultExecutor[1]
      Executing ObjectResult, writing value of type 'System.String'.
info: Microsoft.AspNetCore.Mvc.Infrastructure.ObjectResultExecutor[1]
      Executing ObjectResult, writing value of type 'System.String'.
info: Microsoft.AspNetCore.Mvc.Internal.ControllerActionInvoker[2]
      Executed action SignalR_Vuejs__Demo.Controllers.HomeController.GetDay (SignalR_Vuejs__Demo) in 55.91ms
info: Microsoft.AspNetCore.Mvc.Internal.ControllerActionInvoker[2]
      Executed action SignalR_Vuejs__Demo.Controllers.HomeController.GetDay (SignalR_Vuejs__Demo) in 75.2038ms
info: Microsoft.AspNetCore.Mvc.Internal.ControllerActionInvoker[2]
      Executed action method SignalR_Vuejs__Demo.Controllers.HomeController.GetDay (SignalR_Vuejs__Demo), returned result Microsoft.AspNetCore.Mvc.ObjectResult in 46.4281ms.
info: Microsoft.AspNetCore.Hosting.Internal.WebHost[2]
      Request finished in 82.5164ms 200 text/plain; charset=utf-8
info: Microsoft.AspNetCore.Hosting.Internal.WebHost[2]
      Request finished in 88.1302ms 200 text/plain; charset=utf-8
info: Microsoft.AspNetCore.Hosting.Internal.WebHost[1]
      Request starting HTTP/1.1 GET http://localhost/chatHub?id=QqXgqSTciXzVmk9tiwBC2Q&_=1580894106991 text/plain;charset=UTF-8 
info: Microsoft.AspNetCore.Hosting.Internal.WebHost[2]
      Request finished in 6.102ms 200 application/octet-stream
info: Microsoft.AspNetCore.Hosting.Internal.WebHost[1]
      Request starting HTTP/1.1 GET http://localhost/favicon.ico  
info: Microsoft.AspNetCore.Mvc.Infrastructure.ObjectResultExecutor[1]
      Executing ObjectResult, writing value of type 'System.String'.
info: Microsoft.AspNetCore.Hosting.Internal.WebHost[1]
      Request starting HTTP/1.1 GET http://localhost/chatHub?id=QqXgqSTciXzVmk9tiwBC2Q&_=1580894107236 text/plain;charset=UTF-8 
info: Microsoft.AspNetCore.Hosting.Internal.WebHost[1]
      Request starting HTTP/1.1 POST http://localhost/chatHub?id=QqXgqSTciXzVmk9tiwBC2Q text/plain;charset=UTF-8 32
info: Microsoft.AspNetCore.Hosting.Internal.WebHost[2]
      Request finished in 24.5948ms 404 
info: Microsoft.AspNetCore.Hosting.Internal.WebHost[2]
      Request finished in 16.9216ms 200 text/plain
info: Microsoft.AspNetCore.SignalR.HubConnectionContext[1]
      Completed connection handshake. Using HubProtocol 'json'.
info: Microsoft.AspNetCore.Mvc.Internal.ControllerActionInvoker[2]
      Executed action SignalR_Vuejs__Demo.Controllers.HomeController.GetDay (SignalR_Vuejs__Demo) in 208.6192ms
info: Microsoft.AspNetCore.Hosting.Internal.WebHost[1]
      Request starting HTTP/1.1 GET http://localhost/chatHub?id=QqXgqSTciXzVmk9tiwBC2Q&_=1580894107289 text/plain;charset=UTF-8 
info: Microsoft.AspNetCore.Hosting.Internal.WebHost[2]
      Request finished in 360.2889ms 200 text/plain; charset=utf-8
info: Microsoft.AspNetCore.Hosting.Internal.WebHost[2]
      Request finished in 6.8147ms 200 application/octet-stream
info: Microsoft.AspNetCore.Hosting.Internal.WebHost[2]
      Request finished in 53.8403ms 200 application/octet-stream
info: Microsoft.AspNetCore.Hosting.Internal.WebHost[1]
      Request starting HTTP/1.1 GET http://localhost/chatHub?id=QqXgqSTciXzVmk9tiwBC2Q&_=1580894107308 text/plain;charset=UTF-8 
info: Microsoft.AspNetCore.Mvc.Internal.ControllerActionInvoker[3]
      Route matched with {action = "GetWindows", controller = "Home"}. Executing controller action with signature Microsoft.AspNetCore.Mvc.JsonResult GetWindows(System.String) on controller SignalR_Vuejs__Demo.Controllers.HomeController (SignalR_Vuejs__Demo).
info: Microsoft.AspNetCore.Hosting.Internal.WebHost[1]
      Request starting HTTP/1.1 GET http://localhost/GetDay?date=07.02.2020  
info: Microsoft.AspNetCore.Mvc.Internal.ControllerActionInvoker[1]
      Executing action method SignalR_Vuejs__Demo.Controllers.HomeController.GetWindows (SignalR_Vuejs__Demo) - Validation state: Valid
info: Microsoft.AspNetCore.Mvc.Internal.ControllerActionInvoker[3]
      Route matched with {action = "GetDay", controller = "Home"}. Executing controller action with signature System.String GetDay(System.String) on controller SignalR_Vuejs__Demo.Controllers.HomeController (SignalR_Vuejs__Demo).
info: Microsoft.AspNetCore.Mvc.Internal.ControllerActionInvoker[1]
      Executing action method SignalR_Vuejs__Demo.Controllers.HomeController.GetDay (SignalR_Vuejs__Demo) - Validation state: Valid
info: Microsoft.AspNetCore.Mvc.Internal.ControllerActionInvoker[2]
      Executed action method SignalR_Vuejs__Demo.Controllers.HomeController.GetDay (SignalR_Vuejs__Demo), returned result Microsoft.AspNetCore.Mvc.ObjectResult in 65.8777ms.
info: Microsoft.AspNetCore.Mvc.Infrastructure.ObjectResultExecutor[1]
      Executing ObjectResult, writing value of type 'System.String'.
info: Microsoft.AspNetCore.Mvc.Internal.ControllerActionInvoker[2]
      Executed action SignalR_Vuejs__Demo.Controllers.HomeController.GetDay (SignalR_Vuejs__Demo) in 95.4832ms
info: Microsoft.AspNetCore.Hosting.Internal.WebHost[2]
      Request finished in 114.8352ms 200 text/plain; charset=utf-8
info: Microsoft.AspNetCore.Mvc.Internal.ControllerActionInvoker[2]
      Executed action method SignalR_Vuejs__Demo.Controllers.HomeController.GetWindows (SignalR_Vuejs__Demo), returned result Microsoft.AspNetCore.Mvc.JsonResult in 146.1104ms.
info: Microsoft.AspNetCore.Mvc.Formatters.Json.Internal.JsonResultExecutor[1]
      Executing JsonResult, writing value of type 'System.Collections.Generic.List`1[[SignalR_Vuejs__Demo.Models.ParseJson, SignalR_Vuejs__Demo, Version=1.0.0.0, Culture=neutral, PublicKeyToken=null]]'.
info: Microsoft.AspNetCore.Mvc.Internal.ControllerActionInvoker[2]
      Executed action SignalR_Vuejs__Demo.Controllers.HomeController.GetWindows (SignalR_Vuejs__Demo) in 159.0476ms
info: Microsoft.AspNetCore.Hosting.Internal.WebHost[2]
      Request finished in 597.6156ms 200 application/json; charset=utf-8
info: Microsoft.AspNetCore.Hosting.Internal.WebHost[1]
      Request starting HTTP/1.1 POST http://localhost/chatHub?id=QqXgqSTciXzVmk9tiwBC2Q text/plain;charset=UTF-8 243
info: Microsoft.AspNetCore.Hosting.Internal.WebHost[2]
      Request finished in 12.5708ms 200 text/plain
info: Microsoft.AspNetCore.Hosting.Internal.WebHost[2]
      Request finished in 15598.5376ms 200 application/octet-stream
info: Microsoft.AspNetCore.Hosting.Internal.WebHost[2]
      Request finished in 82650.8022ms 200 application/octet-stream
info: Microsoft.AspNetCore.Hosting.Internal.WebHost[1]
      Request starting HTTP/1.1 GET http://localhost/chatHub?id=QqXgqSTciXzVmk9tiwBC2Q&_=1580894122943 text/plain;charset=UTF-8 
info: Microsoft.AspNetCore.Hosting.Internal.WebHost[2]
      Request finished in 2.2608ms 200 application/octet-stream
info: Microsoft.AspNetCore.Hosting.Internal.WebHost[1]
      Request starting HTTP/1.1 GET http://localhost/chatHub?id=QqXgqSTciXzVmk9tiwBC2Q&_=1580894122957 text/plain;charset=UTF-8 

























































































































